[    0.000000] Initializing cgroup subsys cpuset
[    0.000000] Initializing cgroup subsys cpu
[    0.000000] Initializing cgroup subsys cpuacct
[    0.000000] Linux version 4.4.0-154-generic (buildd@lgw01-amd64-049) (gcc version 5.4.0 20160609 (Ubuntu 5.4.0-6ubuntu1~16.04.10) ) #181-Ubuntu SMP Tue Jun 25 05:29:03 UTC 2019 (Ubuntu 4.4.0-154.181-generic 4.4.179)
[    0.000000] Command line: BOOT_IMAGE=/boot/vmlinuz-4.4.0-154-generic root=LABEL=cloudimg-rootfs ro console=tty1 console=ttyS0
[    0.000000] KERNEL supported cpus:
[    0.000000]   Intel GenuineIntel
[    0.000000]   AMD AuthenticAMD
[    0.000000]   Centaur CentaurHauls
[    0.000000] x86/fpu: Legacy x87 FPU detected.
[    0.000000] e820: BIOS-provided physical RAM map:
[    0.000000] BIOS-e820: [mem 0x0000000000000000-0x000000000009fbff] usable
[    0.000000] BIOS-e820: [mem 0x000000000009fc00-0x000000000009ffff] reserved
[    0.000000] BIOS-e820: [mem 0x00000000000f0000-0x00000000000fffff] reserved
[    0.000000] BIOS-e820: [mem 0x0000000000100000-0x000000002cfeffff] usable
[    0.000000] BIOS-e820: [mem 0x000000002cff0000-0x000000002cffffff] ACPI data
[    0.000000] BIOS-e820: [mem 0x00000000fec00000-0x00000000fec00fff] reserved
[    0.000000] BIOS-e820: [mem 0x00000000fee00000-0x00000000fee00fff] reserved
[    0.000000] BIOS-e820: [mem 0x00000000fffc0000-0x00000000ffffffff] reserved
[    0.000000] NX (Execute Disable) protection: active
[    0.000000] SMBIOS 2.5 present.
[    0.000000] Hypervisor detected: KVM
[    0.000000] e820: last_pfn = 0x2cff0 max_arch_pfn = 0x400000000
[    0.000000] MTRR: Disabled
[    0.000000] x86/PAT: MTRRs disabled, skipping PAT initialization too.
[    0.000000] CPU MTRRs all blank - virtualized system.
[    0.000000] x86/PAT: Configuration [0-7]: WB  WT  UC- UC  WB  WT  UC- UC  
[    0.000000] found SMP MP-table at [mem 0x0009fff0-0x0009ffff] mapped at [ffff88000009fff0]
[    0.000000] Scanning 1 areas for low memory corruption
[    0.000000] RAMDISK: [mem 0x2b8be000-0x2c738fff]
[    0.000000] ACPI: Early table checksum verification disabled
[    0.000000] ACPI: RSDP 0x00000000000E0000 000024 (v02 VBOX  )
[    0.000000] ACPI: XSDT 0x000000002CFF0030 00003C (v01 VBOX   VBOXXSDT 00000001 ASL  00000061)
[    0.000000] ACPI: FACP 0x000000002CFF00F0 0000F4 (v04 VBOX   VBOXFACP 00000001 ASL  00000061)
[    0.000000] ACPI: DSDT 0x000000002CFF0470 0021FF (v02 VBOX   VBOXBIOS 00000002 INTL 20180105)
[    0.000000] ACPI: FACS 0x000000002CFF0200 000040
[    0.000000] ACPI: FACS 0x000000002CFF0200 000040
[    0.000000] ACPI: APIC 0x000000002CFF0240 000054 (v02 VBOX   VBOXAPIC 00000001 ASL  00000061)
[    0.000000] ACPI: SSDT 0x000000002CFF02A0 0001CC (v01 VBOX   VBOXCPUT 00000002 INTL 20180105)
[    0.000000] No NUMA configuration found
[    0.000000] Faking a node at [mem 0x0000000000000000-0x000000002cfeffff]
[    0.000000] NODE_DATA(0) allocated [mem 0x2cfeb000-0x2cfeffff]
[    0.000000] kvm-clock: Using msrs 4b564d01 and 4b564d00
[    0.000000] kvm-clock: cpu 0, msr 0:2cfe3001, primary cpu clock
[    0.000000] kvm-clock: using sched offset of 7341989953 cycles
[    0.000000] clocksource: kvm-clock: mask: 0xffffffffffffffff max_cycles: 0x1cd42e4dffb, max_idle_ns: 881590591483 ns
[    0.000000] Zone ranges:
[    0.000000]   DMA      [mem 0x0000000000001000-0x0000000000ffffff]
[    0.000000]   DMA32    [mem 0x0000000001000000-0x000000002cfeffff]
[    0.000000]   Normal   empty
[    0.000000]   Device   empty
[    0.000000] Movable zone start for each node
[    0.000000] Early memory node ranges
[    0.000000]   node   0: [mem 0x0000000000001000-0x000000000009efff]
[    0.000000]   node   0: [mem 0x0000000000100000-0x000000002cfeffff]
[    0.000000] Initmem setup node 0 [mem 0x0000000000001000-0x000000002cfeffff]
[    0.000000] ACPI: PM-Timer IO Port: 0x4008
[    0.000000] IOAPIC[0]: apic_id 1, version 32, address 0xfec00000, GSI 0-23
[    0.000000] ACPI: INT_SRC_OVR (bus 0 bus_irq 0 global_irq 2 dfl dfl)
[    0.000000] ACPI: INT_SRC_OVR (bus 0 bus_irq 9 global_irq 9 low level)
[    0.000000] Using ACPI (MADT) for SMP configuration information
[    0.000000] smpboot: Allowing 1 CPUs, 0 hotplug CPUs
[    0.000000] PM: Registered nosave memory: [mem 0x00000000-0x00000fff]
[    0.000000] PM: Registered nosave memory: [mem 0x0009f000-0x0009ffff]
[    0.000000] PM: Registered nosave memory: [mem 0x000a0000-0x000effff]
[    0.000000] PM: Registered nosave memory: [mem 0x000f0000-0x000fffff]
[    0.000000] e820: [mem 0x2d000000-0xfebfffff] available for PCI devices
[    0.000000] Booting paravirtualized kernel on KVM
[    0.000000] clocksource: refined-jiffies: mask: 0xffffffff max_cycles: 0xffffffff, max_idle_ns: 7645519600211568 ns
[    0.000000] setup_percpu: NR_CPUS:512 nr_cpumask_bits:512 nr_cpu_ids:1 nr_node_ids:1
[    0.000000] PERCPU: Embedded 34 pages/cpu @ffff88002cc00000 s99480 r8192 d31592 u2097152
[    0.000000] Built 1 zonelists in Node order, mobility grouping on.  Total pages: 181304
[    0.000000] Policy zone: DMA32
[    0.000000] Kernel command line: BOOT_IMAGE=/boot/vmlinuz-4.4.0-154-generic root=LABEL=cloudimg-rootfs ro console=tty1 console=ttyS0
[    0.000000] PID hash table entries: 4096 (order: 3, 32768 bytes)
[    0.000000] Memory: 690668K/736824K available (8613K kernel code, 1335K rwdata, 4028K rodata, 1484K init, 1284K bss, 46156K reserved, 0K cma-reserved)
[    0.000000] SLUB: HWalign=64, Order=0-3, MinObjects=0, CPUs=1, Nodes=1
[    0.000000] Kernel/User page tables isolation: enabled
[    0.000000] Hierarchical RCU implementation.
[    0.000000] 	Build-time adjustment of leaf fanout to 64.
[    0.000000] 	RCU restricting CPUs from NR_CPUS=512 to nr_cpu_ids=1.
[    0.000000] RCU: Adjusting geometry for rcu_fanout_leaf=64, nr_cpu_ids=1
[    0.000000] NR_IRQS:33024 nr_irqs:256 16
[    0.000000] Console: colour VGA+ 80x25
[    0.000000] console [tty1] enabled
[    0.000000] console [ttyS0] enabled
[    0.000000] tsc: Detected 2992.498 MHz processor
[    1.044515] Calibrating delay loop (skipped) preset value.. 5984.99 BogoMIPS (lpj=11969992)
[    1.047503] pid_max: default: 32768 minimum: 301
[    1.049083] ACPI: Core revision 20150930
[    1.051820] ACPI: 2 ACPI AML tables successfully acquired and loaded
[    1.054084] Security Framework initialized
[    1.055554] Yama: becoming mindful.
[    1.056971] AppArmor: AppArmor initialized
[    1.058582] Dentry cache hash table entries: 131072 (order: 8, 1048576 bytes)
[    1.133525] Inode-cache hash table entries: 65536 (order: 7, 524288 bytes)
[    1.135805] Mount-cache hash table entries: 2048 (order: 2, 16384 bytes)
[    1.137974] Mountpoint-cache hash table entries: 2048 (order: 2, 16384 bytes)
[    1.140558] Initializing cgroup subsys io
[    1.142003] Initializing cgroup subsys memory
[    1.144121] Initializing cgroup subsys devices
[    1.145656] Initializing cgroup subsys freezer
[    1.147228] Initializing cgroup subsys net_cls
[    1.148768] Initializing cgroup subsys perf_event
[    1.150380] Initializing cgroup subsys net_prio
[    1.151934] Initializing cgroup subsys hugetlb
[    1.153494] Initializing cgroup subsys pids
[    1.155098] mce: CPU supports 0 MCE banks
[    1.163620] process: using mwait in idle threads
[    1.165232] Last level iTLB entries: 4KB 128, 2MB 4, 4MB 4
[    1.166993] Last level dTLB entries: 4KB 256, 2MB 0, 4MB 32, 1GB 0
[    1.168964] Spectre V2 : Mitigation: Full generic retpoline
[    1.221548] Spectre V2 : Spectre v2 / SpectreRSB mitigation: Filling RSB on context switch
[    1.224430] Speculative Store Bypass: Vulnerable
[    1.227367] MDS: Vulnerable: Clear CPU buffers attempted, no microcode
[    1.865105] Freeing SMP alternatives memory: 36K
[    1.881466] ftrace: allocating 32299 entries in 127 pages
[    2.048058] smpboot: APIC(0) Converting physical 0 to logical package 0
[    2.054168] smpboot: Max logical packages: 1
[    2.056291] x2apic enabled
[    2.057955] Switched APIC routing to physical x2apic.
[    2.062248] ..TIMER: vector=0x30 apic1=0 pin1=2 apic2=-1 pin2=-1
[    2.065299] APIC calibration not consistent with PM-Timer: 200ms instead of 100ms
[    2.074080] APIC delta adjusted to PM-Timer: 6249984 (12500685)
[    2.076048] smpboot: CPU0: Intel(R) Core(TM)2 Duo CPU     E8400  @ 3.00GHz (family: 0x6, model: 0x17, stepping: 0xa)
[    2.155465] Performance Events: unsupported p6 CPU model 23 no PMU driver, software events only.
[    2.308062] KVM setup paravirtual spinlock
[    2.365059] x86: Booted up 1 node, 1 CPUs
[    2.366513] smpboot: Total of 1 processors activated (5984.99 BogoMIPS)
[    2.369053] devtmpfs: initialized
[    2.373074] evm: security.selinux
[    2.374344] evm: security.SMACK64
[    2.375675] evm: security.SMACK64EXEC
[    2.463843] evm: security.SMACK64TRANSMUTE
[    2.473500] evm: security.SMACK64MMAP
[    2.474849] evm: security.ima
[    2.476380] evm: security.capability
[    2.477874] clocksource: jiffies: mask: 0xffffffff max_cycles: 0xffffffff, max_idle_ns: 7645041785100000 ns
[    2.481116] futex hash table entries: 256 (order: 2, 16384 bytes)
[    2.483146] pinctrl core: initialized pinctrl subsystem
[    2.485059] RTC time: 16:33:52, date: 08/23/19
[    2.486873] NET: Registered protocol family 16
[    2.488673] cpuidle: using governor ladder
[    2.490133] cpuidle: using governor menu
[    2.491574] PCCT header not found.
[    2.493278] ACPI: bus type PCI registered
[    2.494708] acpiphp: ACPI Hot Plug PCI Controller Driver version: 0.5
[    2.496828] PCI: Using configuration type 1 for base access
[    2.500199] ACPI: Added _OSI(Module Device)
[    2.501688] ACPI: Added _OSI(Processor Device)
[    2.579742] ACPI: Added _OSI(3.0 _SCP Extensions)
[    2.582602] ACPI: Added _OSI(Processor Aggregator Device)
[    2.605786] ACPI: Executed 1 blocks of module-level executable AML code
[    2.673056] ACPI: Interpreter enabled
[    2.674423] ACPI: (supports S0 S5)
[    2.675767] ACPI: Using IOAPIC for interrupt routing
[    2.684339] PCI: Using host bridge windows from ACPI; if necessary, use "pci=nocrs" and report a bug
[    2.691873] ACPI: PCI Root Bridge [PCI0] (domain 0000 [bus 00-ff])
[    2.713305] acpi PNP0A03:00: _OSC: OS supports [ASPM ClockPM Segments MSI]
[    2.715399] acpi PNP0A03:00: _OSC: not requesting OS control; OS requires [ExtendedConfig ASPM ClockPM MSI]
[    2.718587] acpi PNP0A03:00: fail to add MMCONFIG information, can't access extended PCI configuration space under this bridge.
[    2.773322] PCI host bridge to bus 0000:00
[    2.774770] pci_bus 0000:00: root bus resource [io  0x0000-0x0cf7 window]
[    2.777248] pci_bus 0000:00: root bus resource [io  0x0d00-0xffff window]
[    2.779317] pci_bus 0000:00: root bus resource [mem 0x000a0000-0x000bffff window]
[    2.782002] pci_bus 0000:00: root bus resource [mem 0x2d000000-0xfdffffff window]
[    2.784671] pci_bus 0000:00: root bus resource [bus 00-ff]
[    2.788815] pci 0000:00:01.1: legacy IDE quirk: reg 0x10: [io  0x01f0-0x01f7]
[    2.790964] pci 0000:00:01.1: legacy IDE quirk: reg 0x14: [io  0x03f6]
[    2.793353] pci 0000:00:01.1: legacy IDE quirk: reg 0x18: [io  0x0170-0x0177]
[    2.795496] pci 0000:00:01.1: legacy IDE quirk: reg 0x1c: [io  0x0376]
[    2.819098] pci 0000:00:07.0: quirk: [io  0x4000-0x403f] claimed by PIIX4 ACPI
[    2.875619] pci 0000:00:07.0: quirk: [io  0x4100-0x410f] claimed by PIIX4 SMB
[    2.891067] ACPI: PCI Interrupt Link [LNKA] (IRQs 5 9 10 *11)
[    2.903148] ACPI: PCI Interrupt Link [LNKB] (IRQs 5 9 *10 11)
[    2.905676] ACPI: PCI Interrupt Link [LNKC] (IRQs 5 *9 10 11)
[    2.980992] ACPI: PCI Interrupt Link [LNKD] (IRQs 5 9 10 *11)
[    2.983590] ACPI: Enabled 2 GPEs in block 00 to 07
[    2.986098] vgaarb: setting as boot device: PCI:0000:00:02.0
[    2.987931] vgaarb: device added: PCI:0000:00:02.0,decodes=io+mem,owns=io+mem,locks=none
[    2.990789] vgaarb: loaded
[    2.991930] vgaarb: bridge control possible 0000:00:02.0
[    2.994744] SCSI subsystem initialized
[    2.996511] ACPI: bus type USB registered
[    2.998029] usbcore: registered new interface driver usbfs
[    2.999844] usbcore: registered new interface driver hub
[    3.003090] usbcore: registered new device driver usb
[    3.005069] PCI: Using ACPI for IRQ routing
[    3.007270] NetLabel: Initializing
[    3.008600] NetLabel:  domain hash size = 128
[    3.012670] NetLabel:  protocols = UNLABELED CIPSOv4
[    3.079556] NetLabel:  unlabeled traffic allowed by default
[    3.081757] amd_nb: Cannot enumerate AMD northbridges
[    3.103538] clocksource: Switched to clocksource kvm-clock
[    3.117355] AppArmor: AppArmor Filesystem Enabled
[    3.184610] pnp: PnP ACPI init
[    3.187687] pnp: PnP ACPI: found 3 devices
[    3.197220] clocksource: acpi_pm: mask: 0xffffff max_cycles: 0xffffff, max_idle_ns: 2085701024 ns
[    3.211502] NET: Registered protocol family 2
[    3.213513] TCP established hash table entries: 8192 (order: 4, 65536 bytes)
[    3.215690] TCP bind hash table entries: 8192 (order: 5, 131072 bytes)
[    3.217770] TCP: Hash tables configured (established 8192 bind 8192)
[    3.219805] UDP hash table entries: 512 (order: 2, 16384 bytes)
[    3.221772] UDP-Lite hash table entries: 512 (order: 2, 16384 bytes)
[    3.223858] NET: Registered protocol family 1
[    3.225485] pci 0000:00:00.0: Limiting direct PCI/PCI transfers
[    3.289600] pci 0000:00:01.0: Activating ISA DMA hang workarounds
[    3.291854] Unpacking initramfs...
[    3.829152] Freeing initrd memory: 14828K
[    3.853804] clocksource: tsc: mask: 0xffffffffffffffff max_cycles: 0x2b2296bc2b9, max_idle_ns: 440795321505 ns
[    3.913009] platform rtc_cmos: registered platform RTC device (no PNP device found)
[    3.915805] Scanning for low memory corruption every 60 seconds
[    3.918100] audit: initializing netlink subsys (disabled)
[    3.919884] audit: type=2000 audit(1566578041.262:1): initialized
[    3.922198] Initialise system trusted keyring
[    3.923932] HugeTLB registered 2 MB page size, pre-allocated 0 pages
[    3.927927] zbud: loaded
[    3.929397] VFS: Disk quotas dquot_6.6.0
[    3.930861] VFS: Dquot-cache hash table entries: 512 (order 0, 4096 bytes)
[    3.933298] squashfs: version 4.0 (2009/01/31) Phillip Lougher
[    3.954612] fuse init (API version 7.23)
[    3.956256] Key type big_key registered
[    3.957676] Allocating IMA MOK and blacklist keyrings.
[    3.960580] Key type asymmetric registered
[    4.023059] Asymmetric key parser 'x509' registered
[    4.024786] Block layer SCSI generic (bsg) driver version 0.4 loaded (major 249)
[    4.114808] io scheduler noop registered
[    4.116226] io scheduler deadline registered (default)
[    4.118006] io scheduler cfq registered
[    4.133471] pci_hotplug: PCI Hot Plug PCI Core version: 0.5
[    4.135271] pciehp: PCI Express Hot Plug Controller Driver version: 0.4
[    4.137523] ACPI: AC Adapter [AC] (on-line)
[    4.139073] input: Power Button as /devices/LNXSYSTM:00/LNXPWRBN:00/input/input0
[    4.141774] ACPI: Power Button [PWRF]
[    4.218923] input: Sleep Button as /devices/LNXSYSTM:00/LNXSLPBN:00/input/input1
[    4.221610] ACPI: Sleep Button [SLPF]
[    4.223197] GHES: HEST is not enabled!
[    4.224748] Serial: 8250/16550 driver, 32 ports, IRQ sharing enabled
[    4.256608] 00:02: ttyS0 at I/O 0x3f8 (irq = 4, base_baud = 115200) is a 16550A
[    4.260887] Linux agpgart interface v0.103
[    4.264596] loop: module loaded
[    4.266655] scsi host0: ata_piix
[    4.268030] scsi host1: ata_piix
[    4.320175] ata1: PATA max UDMA/33 cmd 0x1f0 ctl 0x3f6 bmdma 0xd000 irq 14
[    4.322262] ata2: PATA max UDMA/33 cmd 0x170 ctl 0x376 bmdma 0xd008 irq 15
[    4.324825] libphy: Fixed MDIO Bus: probed
[    4.326667] tun: Universal TUN/TAP device driver, 1.6
[    4.328334] tun: (C) 1999-2004 Max Krasnyansky <maxk@qualcomm.com>
[    4.330635] PPP generic driver version 2.4.2
[    4.332283] ehci_hcd: USB 2.0 'Enhanced' Host Controller (EHCI) Driver
[    4.334291] ehci-pci: EHCI PCI platform driver
[    4.335838] ehci-platform: EHCI generic platform driver
[    4.337613] ohci_hcd: USB 1.1 'Open' Host Controller (OHCI) Driver
[    4.339544] ohci-pci: OHCI PCI platform driver
[    4.341126] ohci-platform: OHCI generic platform driver
[    4.424446] uhci_hcd: USB Universal Host Controller Interface driver
[    4.426900] i8042: PNP: PS/2 Controller [PNP0303:PS2K,PNP0f03:PS2M] at 0x60,0x64 irq 1,12
[    4.430568] serio: i8042 KBD port at 0x60,0x64 irq 1
[    4.432256] serio: i8042 AUX port at 0x60,0x64 irq 12
[    4.434059] mousedev: PS/2 mouse device common for all mice
[    4.436291] input: AT Translated Set 2 keyboard as /devices/platform/i8042/serio0/input/input2
[    4.439669] rtc_cmos rtc_cmos: rtc core: registered rtc_cmos as rtc0
[    4.441716] rtc_cmos rtc_cmos: alarms up to one day, 114 bytes nvram
[    4.453828] i2c /dev entries driver
[    4.455234] device-mapper: uevent: version 1.0.3
[    4.456924] device-mapper: ioctl: 4.34.0-ioctl (2015-10-28) initialised: dm-devel@redhat.com
[    4.460274] ledtrig-cpu: registered to indicate activity on CPUs
[    4.462530] NET: Registered protocol family 10
[    4.464458] NET: Registered protocol family 17
[    4.473133] Key type dns_resolver registered
[    4.526253] registered taskstats version 1
[    4.527734] Loading compiled-in X.509 certificates
[    4.530335] Loaded X.509 cert 'Build time autogenerated kernel key: 65139e04a67245b562a838c28b5e7032abdd4348'
[    4.533627] zswap: loaded using pool lzo/zbud
[    4.547686] Key type trusted registered
[    4.572979] Key type encrypted registered
[    4.574445] AppArmor: AppArmor sha1 policy hashing enabled
[    4.660262] ima: No TPM chip found, activating TPM-bypass!
[    4.662059] ima: Allocated hash algorithm: sha1
[    4.663700] evm: HMAC attrs: 0x1
[    4.665327]   Magic number: 15:467:591
[    4.666836] rtc_cmos rtc_cmos: setting system clock to 2019-08-23 16:33:55 UTC (1566578035)
[    4.755115] BIOS EDD facility v0.16 2004-Jun-25, 0 devices found
[    4.757056] EDD information not available.
[    4.763920] Freeing unused kernel memory: 1484K
[    4.843631] Write protecting the kernel read-only data: 14336k
[    4.863078] Freeing unused kernel memory: 1616K
[    4.873926] Freeing unused kernel memory: 68K
Loading, please wait...
starting version 229
[    5.151755] random: udevadm: uninitialized urandom read (16 bytes read, 3 bits of entropy available)
[    5.155003] random: udevadm: uninitialized urandom read (16 bytes read, 3 bits of entropy available)
[    5.244223] random: systemd-udevd: uninitialized urandom read (16 bytes read, 3 bits of entropy available)
[    5.255904] random: systemd-udevd: uninitialized urandom read (16 bytes read, 3 bits of entropy available)
[    5.259249] random: systemd-udevd: uninitialized urandom read (16 bytes read, 3 bits of entropy available)
[    5.285361] random: systemd-udevd: uninitialized urandom read (16 bytes read, 3 bits of entropy available)
[    5.383871] random: udevadm: uninitialized urandom read (16 bytes read, 3 bits of entropy available)
[    5.458942] random: systemd-udevd: uninitialized urandom read (16 bytes read, 3 bits of entropy available)
[    5.462183] random: systemd-udevd: uninitialized urandom read (16 bytes read, 3 bits of entropy available)
[    5.465392] random: systemd-udevd: uninitialized urandom read (16 bytes read, 3 bits of entropy available)
[    6.228364] e1000: Intel(R) PRO/1000 Network Driver - version 7.3.21-k8-NAPI
[    6.284290] e1000: Copyright (c) 1999-2006 Intel Corporation.
[    6.289228] Fusion MPT base driver 3.04.20
[    6.290709] Copyright (c) 1999-2008 LSI Corporation
[    6.610981] input: ImExPS/2 Generic Explorer Mouse as /devices/platform/i8042/serio1/input/input4
[    6.946650] Fusion MPT SPI Host driver 3.04.20
[    7.776695] e1000 0000:00:03.0 eth0: (PCI:33MHz:32-bit) 02:1e:e5:6d:71:21
[    7.784195] e1000 0000:00:03.0 eth0: Intel(R) PRO/1000 Network Connection
[    7.840264] e1000 0000:00:03.0 enp0s3: renamed from eth0
[    7.941113] mptbase: ioc0: Initiating bringup
[    8.016013] ioc0: LSI53C1030 A0: Capabilities={Initiator}
[    8.177236] scsi host2: ioc0: LSI53C1030 A0, FwRev=00000000h, Ports=1, MaxQ=256, IRQ=20
[    8.297047] scsi 2:0:0:0: Direct-Access     VBOX     HARDDISK         1.0  PQ: 0 ANSI: 5
[    8.316086] scsi target2:0:0: Beginning Domain Validation
[    8.319938] scsi target2:0:0: Domain Validation skipping write tests
[    8.322912] scsi target2:0:0: Ending Domain Validation
[    8.325932] scsi target2:0:0: asynchronous
[    8.327881] scsi 2:0:1:0: Direct-Access     VBOX     HARDDISK         1.0  PQ: 0 ANSI: 5
[    8.330670] scsi target2:0:1: Beginning Domain Validation
[    8.338448] scsi target2:0:1: Domain Validation skipping write tests
[    8.354410] scsi target2:0:1: Ending Domain Validation
[    8.365727] scsi target2:0:1: asynchronous
[    8.385156] sd 2:0:0:0: Attached scsi generic sg0 type 0
[    8.386969] sd 2:0:0:0: [sda] 20971520 512-byte logical blocks: (10.7 GB/10.0 GiB)
[    8.390975] sd 2:0:1:0: [sdb] 20480 512-byte logical blocks: (10.5 MB/10.0 MiB)
[    8.453298] sd 2:0:1:0: Attached scsi generic sg1 type 0
[    8.455354] sd 2:0:0:0: [sda] Write Protect is off
[    8.457351] sd 2:0:0:0: [sda] Incomplete mode parameter data
[    8.463246] sd 2:0:0:0: [sda] Assuming drive cache: write through
[    8.488552] sd 2:0:1:0: [sdb] Write Protect is off
[    8.490353] sd 2:0:1:0: [sdb] Incomplete mode parameter data
[    8.494134] sd 2:0:1:0: [sdb] Assuming drive cache: write through
[    8.567666]  sda: sda1
[    8.570047] sd 2:0:0:0: [sda] Attached SCSI disk
[    8.586228] sd 2:0:1:0: [sdb] Attached SCSI disk
Begin: Loading essential drivers ... [   11.812377] md: linear personality registered for level -1
[   11.897666] md: multipath personality registered for level -4
[   11.924046] md: raid0 personality registered for level 0
[   12.009772] md: raid1 personality registered for level 1
[   12.192832] raid6: sse2x1   gen()  4032 MB/s
[   12.297763] raid6: sse2x1   xor()  3099 MB/s
[   12.402916] raid6: sse2x2   gen()  4448 MB/s
[   12.522175] raid6: sse2x2   xor()  1801 MB/s
[   12.622166] raid6: sse2x4   gen()  2559 MB/s
[   12.716754] raid6: sse2x4   xor()  3522 MB/s
[   12.723996] raid6: using algorithm sse2x2 gen() 4448 MB/s
[   12.725757] raid6: .... xor() 1801 MB/s, rmw enabled
[   12.727417] raid6: using ssse3x2 recovery algorithm
[   12.741055] xor: measuring software checksum speed
[   12.862192]    prefetch64-sse: 35425.000 MB/sec
[   13.072173]    generic_sse: 26611.000 MB/sec
[   13.074073] xor: using function: prefetch64-sse (35425.000 MB/sec)
[   13.137859] async_tx: api initialized (async)
[   13.274795] md: raid6 personality registered for level 6
[   13.334618] md: raid5 personality registered for level 5
[   13.336351] md: raid4 personality registered for level 4
[   13.441040] md: raid10 personality registered for level 10
done.
Begin: Running /scripts/init-premount ... done.
Begin: Mounting root file system ... Begin: Running /scripts/local-top ... done.
Begin: Running /scripts/local-premount ... [   13.789038] Btrfs loaded
Scanning for Btrfs filesystems
done.
Warning: fsck not present, so skipping root file system
[   14.190048] EXT4-fs (sda1): mounted filesystem with ordered data mode. Opts: (null)
done.
Begin: Running /scripts/local-bottom ... done.
Begin: Running /scripts/init-bottom ... done.
[   15.164138] systemd[1]: systemd 229 running in system mode. (+PAM +AUDIT +SELINUX +IMA +APPARMOR +SMACK +SYSVINIT +UTMP +LIBCRYPTSETUP +GCRYPT +GNUTLS +ACL +XZ -LZ4 +SECCOMP +BLKID +ELFUTILS +KMOD -IDN)
[   15.217295] systemd[1]: Detected virtualization oracle.
[   15.219032] systemd[1]: Detected architecture x86-64.
[   15.230757] random: nonblocking pool is initialized

Welcome to [1mUbuntu 16.04.6 LTS[0m!

[   15.246189] systemd[1]: Set hostname to <ubuntu>.
[   15.267873] systemd[1]: Initializing machine ID from random generator.
[   15.285407] systemd[1]: Installed transient /etc/machine-id file.
[   16.452566] systemd[1]: Reached target System Time Synchronized.
[[0;32m  OK  [0m] Reached target System Time Synchronized.
[   16.521862] systemd[1]: Listening on udev Kernel Socket.
[[0;32m  OK  [0m] Listening on udev Kernel Socket.
[   16.543103] systemd[1]: Reached target Swap.
[[0;32m  OK  [0m] Reached target Swap.
[   16.555679] systemd[1]: Listening on Journal Socket (/dev/log).
[[0;32m  OK  [0m] Listening on Journal Socket (/dev/log).
[   16.627836] systemd[1]: Created slice User and Session Slice.
[[0;32m  OK  [0m] Created slice User and Session Slice.
[   16.632015] systemd[1]: Listening on Device-mapper event daemon FIFOs.
[[0;32m  OK  [0m] Listening on Device-mapper event daemon FIFOs.
[   16.637232] systemd[1]: Listening on Journal Audit Socket.
[[0;32m  OK  [0m] Listening on Journal Audit Socket.
[   16.641116] systemd[1]: Listening on LVM2 poll daemon socket.
[[0;32m  OK  [0m] Listening on LVM2 poll daemon socket.
[   16.645162] systemd[1]: Listening on Journal Socket.
[[0;32m  OK  [0m] Listening on Journal Socket.
[   16.649415] systemd[1]: Set up automount Arbitrary Executable File Formats File System Automount Point.
[[0;32m  OK  [0m] Set up automount Arbitrary Executab...ats File System Automount Point.
[   16.655010] systemd[1]: Reached target Encrypted Volumes.
[[0;32m  OK  [0m] Reached target Encrypted Volumes.
[   16.726152] systemd[1]: Listening on LVM2 metadata daemon socket.
[[0;32m  OK  [0m] Listening on LVM2 metadata daemon socket.
[   16.730344] systemd[1]: Started Trigger resolvconf update for networkd DNS.
[[0;32m  OK  [0m] Started Trigger resolvconf update for networkd DNS.
[   16.734729] systemd[1]: Reached target User and Group Name Lookups.
[[0;32m  OK  [0m] Reached target User and Group Name Lookups.
[   16.739024] systemd[1]: Listening on udev Control Socket.
[[0;32m  OK  [0m] Listening on udev Control Socket.
[   16.831894] systemd[1]: Listening on Syslog Socket.
[[0;32m  OK  [0m] Listening on Syslog Socket.
[   16.835657] systemd[1]: Started Forward Password Requests to Wall Directory Watch.
[[0;32m  OK  [0m] Started Forward Password Requests to Wall Directory Watch.
[   16.859865] systemd[1]: Created slice System Slice.
[[0;32m  OK  [0m] Created slice System Slice.
[   16.873852] systemd[1]: Starting Remount Root and Kernel File Systems...
         Starting Remount Root and Kernel File Systems...
[   16.934551] systemd[1]: Starting Create list of required static device nodes for the current kernel...
         Starting Create [   17.075835] EXT4-fs (sda1): re-mounted. Opts: (null)
list of required st... nodes for the current kernel...
[   17.145105] systemd[1]: Reached target Slices.
[[0;32m  OK  [0m] Reached target Slices.
[   17.152707] systemd[1]: Starting Nameserver information manager...
         Starting Nameserver information manager...
[   17.248832] systemd[1]: Starting Uncomplicated firewall...
         Starting Uncomplicated firewall...
[   17.265491] systemd[1]: Starting Set console keymap...
         Starting Set console keymap...
[   17.381490] systemd[1]: Mounting Debug File System...
         Mounting Debug File System...
[   17.477580] systemd[1]: Mounting Huge Pages File System...
         Mounting Huge Pages File System...
[   17.559147] systemd[1]: Starting Monitoring of LVM2 mirrors, snapshots etc. using dmeventd or progress polling...
         Starting Monitoring of LVM2 mirrors... dmeventd or progress polling...
[   17.590829] systemd[1]: Starting Journal Service...
         Starting Journal Service...
[   17.659576] systemd[1]: Created slice system-serial\x2dgetty.slice.
[[0;32m  OK  [0m] Created slice system-serial\x2dgetty.slice.
[   17.700976] systemd[1]: Starting Load Kernel Modules...
         Starting Load Kernel Modules...
[   17.970998] systemd[1]: Mounting POSIX Message Queue File System...
         Mounting POSIX Message Queue File System...
[   18.190838] systemd[1]: Listening on /dev/initctl Compatibility Named Pipe.
[[0;32m  OK  [0m] Listening on /dev/initctl Compatibility Named Pipe.
[   18.284596] systemd[1]: Mounted Huge Pages File System.
[   18.296493] Loading iSCSI transport class v2.0-870.
[[0;32m  OK  [0m] Mounted Huge Pages File System.
[   18.386954] systemd[1]: Mounted Debug File System.
[[0;32m  OK  [0m] Mounted Debug File System.
[   18.512702] systemd[1]: Mounted POSIX Message Queue File System.
[[0;32m  OK  [0m] Mounted POSIX Message Queue File[   18.613442] iscsi: registered transport (tcp)
 System.
[   18.615788] systemd[1]: Started Journal Service.
[[0;32m  OK  [0m] Started Journal Service.
[[0;32m  OK  [0m] Started Remount Root and Kernel File Systems.
[[0;32m  OK  [0m] Started Create list of required sta...ce nodes for the current kernel.
[[0;32m  OK  [0m] Started Uncomplicated firewall.
[[0;32m  OK  [0m] Started Nameserver information manager.
[[0;32m  OK  [0m] Started Set console keymap.
[   19.419693] iscsi: registered transport (iser)
[[0;32m  OK  [0m] Started Load Kernel Modules.
         Mounting FUSE Control File System...
         Starting Apply Kernel Variables...
[[0;32m  OK  [0m] Started LVM2 metadata daemon.
         Starting Create Static Device Nodes in /dev...
         Starting udev Coldplug all Devices...
         Starting Load/Save Random Seed...
         Starting Flush Journal to Persistent Storage...
[[0;32m  OK  [0m] Mounted FUSE Control File System.
[[0;32m  OK  [0m] Started Apply Kernel Variables.
[[0;32m  OK  [0m] Started Monitoring of LVM2 mirrors,...ng dmeventd or progress polling.
[[0;32m  OK  [0m] Started Create Static Device Nodes in /dev.
[[0;32m  OK  [0m] Started Load/Save Random Seed.
         Starting udev Kernel Device Manager...
[[0;32m  OK  [0m] Reached target Local File Systems (Pre).
[[0;32m  OK  [0m] Reached target Local File Systems.
         Starting Commit a transient machine-id on disk...
         Starting Initial cloud-init job (pre-networking)...
         Starting Tell Plymouth To Write Out Runtime Data...
         Starting LSB: AppArmor initialization...
         Starting Set console font and keymap...
[[0;32m  OK  [0m] Started udev Kernel Device Manager.
[[0;32m  OK  [0m] Started Commit a transient machine-id on disk.
[[0;32m  OK  [0m] Started Flush Journal to Persistent Storage.
[[0;32m  OK  [0m] Started Tell Plymouth To Write Out Runtime Data.
         Starting Create Volatile Files and Directories...
[[0;32m  OK  [0m] Started Create Volatile Files and Directories.
         Starting Update UTMP about System Boot/Shutdown...
[[0;32m  OK  [0m] Started Update UTMP about System Boot/Shutdown.
[[0;32m  OK  [0m] Started udev Coldplug all Devices.
[[0;32m  OK  [0m] Started Dispatch Password Requests to Console Directory Watch.
[[0;32m  OK  [0m] Found device /dev/ttyS0.
[[0;32m  OK  [0m] Listening on Load/Save RF Kill Switch Status /dev/rfkill Watch.
[[0;32m  OK  [0m] Started LSB: AppArmor initialization.
[   35.688847] cloud-init[463]: Cloud-init v. 19.1-1-gbaa47854-0ubuntu1~16.04.1 running 'init-local' at Fri, 23 Aug 2019 16:34:23 +0000. Up 30.47 seconds.
[[0;32m  OK  [0m] Started Initial cloud-init job (pre-networking).
[[0;32m  OK  [0m] Reached target Network (Pre).
         Starting Raise network interfaces...
[[0;32m  OK  [0m] Started Set console font and keymap.
[[0;32m  OK  [0m] Created slice system-getty.slice.
[[0;32m  OK  [0m] Started Raise network interfaces.
[[0;32m  OK  [0m] Reached target Network.
         Starting Initial cloud-init job (metadata service crawler)...
[   46.401476] cloud-init[948]: Cloud-init v. 19.1-1-gbaa47854-0ubuntu1~16.04.1 running 'init' at Fri, 23 Aug 2019 16:34:35 +0000. Up 42.40 seconds.
[   46.601053] cloud-init[948]: ci-info: ++++++++++++++++++++++++++++++++++++++Net device info++++++++++++++++++++++++++++++++++++++
[   46.610982] cloud-init[948]: ci-info: +--------+------+----------------------------+---------------+--------+-------------------+
[   46.717442] cloud-init[948]: ci-info: | Device |  Up  |          Address           |      Mask     | Scope  |     Hw-Address    |
[   46.743086] cloud-init[948]: ci-info: +--------+------+----------------------------+---------------+--------+-------------------+
[[0;32m  OK  [0m] Started Initial cloud-init job (metadata service crawler).
[[0;32m  OK  [0m] Reached target Cloud-config availability.
[[0;32m  OK  [0m] Reached target Network is Online.
         Starting iSCSI initiator daemon (iscsid)...
[[0;32m  OK  [0m] Reached target System Initialization.
[[0;32m  OK  [0m] Listening on ACPID Listen Socket.
[[0;32m  OK  [0m] Started Daily apt download activities.
[   46.764761] cloud-init[948]: ci-info: | enp0s3 | True |         10.0.2.15          | 255.255.255.0 | global | 02:1e:e5:6d:71:21 |
[[0;32m  OK  [0m] Listening on UUID daemon activation socket.
[   46.950890] cloud-init[948]: ci-info: | enp0s3 | True | fe80::1e:e5ff:fe6d:7121/64 |       .       |  link  | 02:1e:e5:6d:71:21 |
         Starting LXD - unix socket.[   47.056805] cloud-init[948]: ci-info: |   lo   | True |         127.0.0.1          |   255.0.0.0   |  host  |         .         |
[[0;32m  OK  [0m] Started Daily apt upgrade and clean activities.
[
[   47.064780] cloud-init[948]: ci-info: |   lo   | True |          ::1/128           |       .       |  host  |         .         |
[   47.067429] cloud-init[948]: ci-info: +--------+------+----------------------------+---------------+--------+-------------------+
[   47.067881] cloud-init[948]: ci-info: +++++++++++++++++++++++++++Route IPv4 info++++++++++++++++++++++++++++
[   47.068109] cloud-init[948]: ci-info: +-------+-------------+----------+---------------+-----------+-------+
[0;32m  OK  [0m] Started Daily Cleanup of Temporary Directories.
[[0;32m  OK  [0m] Reached target Timers.
[   47.068586] cloud-init[948]: ci-info: | Route | Destination | Gateway  |    Genmask    | Interface | Flags |
[[0;32m  OK  [0m] [   47.128472] cloud-init[948]: ci-info: +-------+-------------+----------+---------------+-----------+-------+
[   47.130986] cloud-init[948]: ci-info: |   0   |   0.0.0.0   | 10.0.2.2 |    0.0.0.0    |   enp0s3  |   UG  |Listening on D-Bus System Message Bus Socket.
         
[   47.136841] cloud-init[948]: ci-info: |   1   |   10.0.2.0  | 0.0.0.0  | 255.255.255.0 |   enp0s3  |   U   |
[   47.137097] cloud-init[948]: ci-info: +-------+-------------+----------+---------------+-----------+-------+
[   47.137311] cloud-init[948]: ci-info: +++++++++++++++++++Route IPv6 info+++++++++++++++++++
[   47.137531] cloud-init[948]: ci-info: +-------+-------------+---------+-----------+-------+
[   47.137747] cloud-init[948]: ci-info: | Route | Destination | Gateway | Interface | Flags |
[   47.137959] cloud-init[948]: ci-info: +-------+-------------+---------+-----------+-------+
[   47.138171] cloud-init[948]: ci-info: |   0   |  fe80::/64  |    ::   |   enp0s3  |   U   |
[   47.138384] cloud-init[948]: ci-info: |   4   |   ff00::/8  |    ::   |   enp0s3  |   U   |
[   47.138598] cloud-init[948]: ci-info: +-------+-------------+---------+-----------+-------+
Starting Socket activation for snappy daemon.
[   47.146559] cloud-init[948]: Generating public/private rsa key pair.
[   47.169783] cloud-init[948]: Your identification has been saved in /etc/ssh/ssh_host_rsa_key.[[0;32m  OK  [0m] Started ACPI Events Check.
[[0;32m  OK  [0m] Reached target Paths.

[   47.181257] cloud-init[948]: Your public key has been saved in /etc/ssh/ssh_host_rsa_key.pub.
[   47.221301] cloud-init[948]: The key fingerprint is:
[   47.223492] cloud-init[948]: SHA256:chV1G7XxWJGouRO8RMHV0HDYpxp4A2xWN5XkSH9GPiA root@ubuntu-xenial
[[0;32m  OK  [0m[   47.272354] cloud-init[948]: The key's randomart image is:
[   47.274751] cloud-init[948]: +---[RSA 2048]----+] Listening on LXD - unix socket.
[[0;32m  OK  [0m] Listening on Socket activation for snappy daemon.
[[0;32m  OK  [0m] Reached target Sockets.
[[0;32m  OK  [0m] Reached target Basic System.
[[0;32m  OK  [0m] Started FUSE filesystem for LXC.

[   47.374748] cloud-init[948]: |         .oE=*#BO|
[   47.449770] cloud-init[948]: |          =+o=*#=|
[   47.454913] cloud-init[948]: |         o+oo.o**|
[   47.530704] cloud-init[948]: |         ..*+ ..o|         Starting System Logging Service...

[   47.564832] cloud-init[948]: |      . S ..++   |
[[0;32m  OK  [0m] Started Regular background program processing daemon.
         Starting LXD - container startup/shutdown...
[   47.583762] cloud-init[948]: |       o   +.    |
[   47.729668] cloud-init[948]: |            .    |
         Starting LSB: MD monitoring daemon...
[   47.858476] cloud-init[948]: |                 |
         Starting Pollinate to seed the pseudo random number generator...
         Starting /etc/rc.local Compatibility...
[   47.880997] cloud-init[948]: |                 |
[   48.046151] cloud-init[948]: +----[SHA256]-----+
[   48.048752] cloud-init[948]: Generating public/private dsa key pair.
         Starting Accounts Service...
         Starting LSB: Record successful boot for GRUB...
[[0;32m  OK  [0m] Started D-Bus System Message Bus.
[   48.094727] cloud-init[948]: Your identification has been saved in /etc/ssh/ssh_host_dsa_key.
[   48.580850] cloud-init[948]: Your public key has been saved in /etc/ssh/ssh_host_dsa_key.pub.
[   48.603335] cloud-init[948]: The key fingerprint is:
[   48.681251] cloud-init[948]: SHA256:dJIcN/z9KfPOONNAamuhG0v7kazBJQmS38hY9/MJ+Yw root@ubuntu-xenial
[   48.698637] cloud-init[948]: The key's randomart image is:
[   48.710691] cloud-init[948]: +---[DSA 1024]----+
[   48.714126] cloud-init[948]: |        ..o      |
[   48.720789] cloud-init[948]: |      .. +..     |
[   48.725384] cloud-init[948]: |     o o=... .   |
[   48.816233] cloud-init[948]: |      *.=oo o..  |
[   48.842518] cloud-init[948]: |     . +S+ *o  ..|
[   48.849416] cloud-init[948]: |        . ++O+...|
[   48.869167] cloud-init[948]: |         =oEo=*  |
[   48.877894] cloud-init[948]: |        ..*o.ooo |
[   48.894153] cloud-init[948]: |         =+. .+o |
[   48.938971] cloud-init[948]: +----[SHA256]-----+
[   48.951712] cloud-init[948]: Generating public/private ecdsa key pair.
[   48.958052] cloud-init[948]: Your identification has been saved in /etc/ssh/ssh_host_ecdsa_key.
[   48.976921] cloud-init[948]: Your public key has been saved in /etc/ssh/ssh_host_ecdsa_key.pub.
[   48.979744] cloud-init[948]: The key fingerprint is:
[   48.984209] cloud-init[948]: SHA256:60ZXCYL5wb7WFe4A26GQXMKCNN0BnoDFBv+pI27eBFg root@ubuntu-xenial
[   49.009017] cloud-init[948]: The key's randomart image is:
[   49.031850] cloud-init[948]: +---[ECDSA 256]---+
[   49.044532] cloud-init[948]: |.*=o.=oB.        |
[   49.119095] cloud-init[948]: |..++o.O.= o .    |
[   49.190149] cloud-init[948]: | .E o. + B + o   |
[   49.227366] cloud-init[948]: |.. . .  = o =    |
[   49.242843] cloud-init[948]: |..  o   So =     |
[   49.253009] cloud-init[948]: |  ..    +.o .    |
[   49.260084] cloud-init[948]: |. o.   o..       |
[   49.325703] cloud-init[948]: |.oo.   ..        |
[   49.406554] cloud-init[948]: |oo .   ..        |
         Starting Snappy daemon...
[   49.456503] cloud-init[948]: +----[SHA256]-----+
[   49.469707] cloud-init[948]: Generating public/private ed25519 key pair.
         Starting Virtualbox guest utils...
[   49.617745] cloud-init[948]: Your identification has been saved in /etc/ssh/ssh_host_ed25519_key.
[[0;32m  OK  [0m] Started ACPI event daemon.[   49.831670] cloud-init[948]: Your public key has been saved in /etc/ssh/ssh_host_ed25519_key.pub.

         Starting Login Service...
[[0;32m  OK  [0m] Started Deferred execution scheduler.
[   50.034421] [[0;32m  OK  [0m] Started System Logging Service.
[[0;32m  OK  [0m] Started iSCSI initiator daemon (iscsid).
[[0;32m  OK  [0m] Started /etc/rc.local Compatibility.
cloud-init[948]: The key fingerprint is:
[   50.452200] cloud-init[948]: SHA256:kmONCwLEOsnL2mkDdnbdxwu46t/luNkKV1l4zGqecuI root@ubuntu-xenial
[   50.474966] cloud-init[948]: The key's randomart image is:
[   50.576256] cloud-init[948]:          Starting Authenticate and Authorize Users to Run Privileged Tasks...
+--[ED25519 256]--+         Starting Login to default iSCSI targets...

[   50.783109] cloud-init[948]: |..               |
[   50.877301] cloud-init[948]: |..          +    |
[   50.981058] cloud-init[948]: |+.         . =   |
[   51.081987] cloud-init[948]: |+o     +    =    |
[   51.096766] cloud-init[948]: |..o . B S .=     |
[   51.215934] cloud-init[948]: |.+ + + * o+o.    |
[   51.264497] cloud-init[948]: |ooo.. ...+o=.    |
[[0;32m  OK  [0m] Started LXD - container startup/shutdown.
[   51.374449] cloud-init[948]: |. =    .= X.     |
[   51.485767] cloud-init[948]: | . ..oo. Eoo     |
[   51.505480] cloud-init[948]: +----[SHA256]-----+
[[0;32m  OK  [0m] Started Login Service.
[[0;32m  OK  [0m] Started Unattended Upgrades Shutdown.
[[0;32m  OK  [0m] Started Authenticate and Authorize Users to Run Privileged Tasks.
[[0;32m  OK  [0m] Started Accounts Service.
[[0;32m  OK  [0m] Started Login to default iSCSI targets.
[[0;32m  OK  [0m] Reached target Remote File Systems (Pre).
[[0;32m  OK  [0m] Reached target Remote File Systems.
         Starting LSB: Set the CPU Frequency Scaling governor to "ondemand"...
         Starting LSB: automatic crash report generation...
         Starting Permit User Sessions...
         Starting LSB: daemon to balance interrupts for SMP systems...
[[0;32m  OK  [0m] Started LSB: MD monitoring daemon.
[[0;32m  OK  [0m] Started LSB: Record successful boot for GRUB.
[[0;32m  OK  [0m] Started Permit User Sessions.
         Starting Terminate Plymouth Boot Screen...
         Starting Hold until boot process finishes up...
[[0;32m  OK  [0m] Started Hold until boot process finishes up.
[[0;32m  OK  [0m] Started Terminate Plymouth Boot Screen.
         Starting Set console scheme...
[[0;32m  OK  [0m] Started Getty on tty1.
[[0;32m  OK  [0m] Started Serial Getty on ttyS0.
[[0;32m  OK  [0m] Reached target Login Prompts.
[[0;32m  OK  [0m] Started Virtualbox guest utils.
[[0;32m  OK  [0m] Started LSB: Set the CPU Frequency Scaling governor to "ondemand".
[[0;32m  OK  [0m] Started LSB: automatic crash report generation.
[[0;32m  OK  [0m] Started Set console scheme.
[[0;32m  OK  [0m] Started LSB: daemon to balance interrupts for SMP systems.
[[0;32m  OK  [0m] Started Snappy daemon.
         Starting Wait until snapd is fully seeded...
[[0;32m  OK  [0m] Started Pollinate to seed the pseudo random number generator.
         Starting OpenBSD Secure Shell server...
[[0;32m  OK  [0m] Started OpenBSD Secure Shell server.
[[0;32m  OK  [0m] Created slice User Slice of vagrant.
         Starting User Manager for UID 1000...
[[0;32m  OK  [0m] Started Session 1 of user vagrant.
[[0;32m  OK  [0m] Started User Manager for UID 1000.

Ubuntu 16.04.6 LTS ubuntu-xenial ttyS0

ubuntu-xenial login: [   65.578642] cloud-init[1387]: Generating locales (this might take a while)...
[   72.803027] cloud-init[1387]:   en_US.UTF-8... done
[   72.814052] cloud-init[1387]: Generation complete.
[   77.268921] cloud-init[1387]: Cloud-init v. 19.1-1-gbaa47854-0ubuntu1~16.04.1 running 'modules:config' at Fri, 23 Aug 2019 16:34:57 +0000. Up 63.88 seconds.
ci-info: no authorized ssh keys fingerprints found for user ubuntu.
<14>Aug 23 16:35:13 ec2: 
<14>Aug 23 16:35:13 ec2: #############################################################
<14>Aug 23 16:35:13 ec2: -----BEGIN SSH HOST KEY FINGERPRINTS-----
<14>Aug 23 16:35:13 ec2: 1024 SHA256:dJIcN/z9KfPOONNAamuhG0v7kazBJQmS38hY9/MJ+Yw root@ubuntu-xenial (DSA)
<14>Aug 23 16:35:13 ec2: 256 SHA256:60ZXCYL5wb7WFe4A26GQXMKCNN0BnoDFBv+pI27eBFg root@ubuntu-xenial (ECDSA)
<14>Aug 23 16:35:13 ec2: 256 SHA256:kmONCwLEOsnL2mkDdnbdxwu46t/luNkKV1l4zGqecuI root@ubuntu-xenial (ED25519)
<14>Aug 23 16:35:13 ec2: 2048 SHA256:chV1G7XxWJGouRO8RMHV0HDYpxp4A2xWN5XkSH9GPiA root@ubuntu-xenial (RSA)
<14>Aug 23 16:35:13 ec2: -----END SSH HOST KEY FINGERPRINTS-----
<14>Aug 23 16:35:13 ec2: #############################################################
-----BEGIN SSH HOST KEY KEYS-----
ecdsa-sha2-nistp256 AAAAE2VjZHNhLXNoYTItbmlzdHAyNTYAAAAIbmlzdHAyNTYAAABBBCwDe5GjhpuwsocrfAz5w95X9Mj34ZBZrEOocHqYCAczZkrWuItqoJo5blw5Kgg2tNGaNMxftWieV3n6Jmxegyw= root@ubuntu-xenial
ssh-ed25519 AAAAC3NzaC1lZDI1NTE5AAAAIFoNCMVlwPTvClpaCdc1fHZz8wJVVxVJsS7lHpGA+aXN root@ubuntu-xenial
ssh-rsa AAAAB3NzaC1yc2EAAAADAQABAAABAQDErILAI2QZ4lF9FlUrVpV6iqZNX6w++xeIf01c3X8hbQVBqBU44jCc75Ue8InWW8KVE0O9iE/vsq1mM7nnvh7IfsrYu5PWb8gVnFP78686iwgzSq6/XrvmICQf934HSPxun4P7ApyyrjnlWz9VCCuLIHryv8zcmeXHWaJEKNQAXZ/ZF77VXDhT4xnYGNhGSDYkxgaidOLt/8XAiK3yHDPDqTGkqbGeHvO0YNovnv8PUpUTfyon6FJrAqLeiu0NXM1Xzp2z7yn7hAsdh4rxBsmFLQmsnKDvx4t8BTPkP+9QN4FtDLaxEWfW8os538DoOlepChV0NAW1X0VWtC0MXlhb root@ubuntu-xenial
-----END SSH HOST KEY KEYS-----
[   81.221966] cloud-init[1590]: Cloud-init v. 19.1-1-gbaa47854-0ubuntu1~16.04.1 running 'modules:final' at Fri, 23 Aug 2019 16:35:12 +0000. Up 79.57 seconds.
[   81.223417] cloud-init[1590]: ci-info: no authorized ssh keys fingerprints found for user ubuntu.
[   81.224098] cloud-init[1590]: Cloud-init v. 19.1-1-gbaa47854-0ubuntu1~16.04.1 finished at Fri, 23 Aug 2019 16:35:14 +0000. Datasource DataSourceNoCloud [seed=/dev/sdb][dsmode=net].  Up 81.02 seconds
