[    0.000000] Initializing cgroup subys cpuset
[    0.000000] Initializing cgroup subsys cpu
[    0.000000] Initializing cgroup subsys cpuacct
[    0.000000] Linux version 4.4.0-154-generic (buildd@lgw01-amd64-049) (gcc version 5.4.0 20160609 (Ubuntu 5.4.0-6ubuntu1~16.04.10) ) #181-Ubuntu SMP Tue Jun 25 05:29:03 UTC 2019 (Ubuntu 4.4.0-154.181-generic 4.4.179)
[    0.000000] Command line: BOOT_IMAGE=/boot/vmlinuz-4.4.0-154-generic root=LABEL=cloudimg-rootfs ro console=tty1 console=ttyS0
[    0.000000] KERNEL supported cpus:
[    0.000000]   Intel GenuineIntel
[    0.000000]   AMD AuthenticAMD
[    0.000000]   Centaur CentaurHauls
[    0.000000] x86/fpu: Legacy x87 FPU detected.
[    0.000000] e820: BIOS-provided physical RAM map:
[    0.000000] BIOS-e820: [mem 0x0000000000000000-0x000000000009fbff] usable
[    0.000000] BIOS-e820: [mem 0x000000000009f00-0x000000000009ffff] reserved
[    0.000000] BIOS-e820: [mem 0x00000000000f0000-0x00000000000fffff] reserved
[    0.000000] BIOS-e820: [mem 0x0000000000100000-0x000000003ffeffff] usable
[    0.000000] BIOS-e820: [mem 0x000000003fff0000-0x000000003fffffff] ACPI data
[    0.000000] BIOS-e820: [mem 0x00000000fec00000-0x00000000fec00fff] reserved
[    0.000000] BIOS-e820: [mem 0x00000000fee00000-0x00000000fee00fff] reserved
[    0.000000] BIOS-e20: [mem 0x00000000fffc0000-0x00000000ffffffff] reserved
[    0.000000] NX (Execute Disable) protection: active
[    0.000000] SMBIOS 2.5 present.
[    0.000000] Hypervisor detected: KVM
[    0.000000] e820: last_pfn = 0x3fff0 max_arch_pfn = 0x400000000
[    0.000000] MTRR: Disabled
[    0.000000] x86/PAT: MTRRs disabled, skipping PAT initialization too.
[    0.000000] CPU MTRRs all blank - virtualized system.
[    0.000000] x86/PAT: Configuration [0-7]: WB  WT  UC- UC  WB  WT  UC- UC  
[    0.000000] found SMP MP-table at [mem 0x0009fff0-0x0009ffff] mapped at [ffff88000009fff0]
[    0.000000] Scanning 1 areas for low memory corruption
[    0.000000] RAMDISK: [mem 0x362fa000-0x37174fff]
[    0.000000] ACPI: Early table checksum verification disabled
[    0.000000] ACPI: RSDP 0x00000000000E0000 000024 (v02 VBOX  )
[    0.000000] ACPI: XSDT 0x000000003FFF0030 00003C (v01 VBOX   VBOXXSDT 00000001 ASL  00000061)
[    0.000000] ACPI: FACP 0x000000003FFF00F0 0000F4 (v04 VBOX   VBOXFACP 00000001 ASL  00000061)
[    0.000000] ACPI: DSDT 0x000000003FFF0470 0021FF (v02 VBOX   VBOXBIOS 00000002 INTL 20180105)
[    0.000000] ACPI: FACS 0x000000003FFF0200 000040
[    0.000000] ACPI: FACS 0x000000003FFF0200 000040
[   .000000] ACPI: APIC 0x000000003FFF0240 00005C (v02 VBOX   VBOXAPIC 00000001 ASL  00000061)
[    0.000000] ACPI: SSDT 0x000000003FFF02A0 0001CC (v01 VBOX   VBOXCPUT 00000002 INTL 20180105)
[    0.000000] No NUMA configuration found
[    0.000000] Faking a node at [mem 0x0000000000000000-0x000000003ffeffff]
[    0.000000] NODE_DATA(0) allocated [mem 0x3ffeb000-0x3ffeffff]
[    0.000000] kvm-clock: Using msrs 4b564d01 and 4b564d00
[    0.000000] kvm-clock: cpu 0, msr 0:3ffe3001, primary cpu clock
[    0.000000] kvm-clock: using sched offset of 5040384416 cycles
[    0.000000] clocksource: kvm-clock: mask: 0xffffffffffffffff max_cycles: 0x1cd42e4dffb, max_idle_ns: 881590591483 ns
[    0.000000] Zone ranges:
[    0.000000]   DMA      [mem 0x0000000000001000-0x0000000000ffffff]
[    0.000000]   DMA32    [mem 0x0000000001000000-0x000000003ffeffff]
[    0.000000]   Normal   empty
[    0.000000]   Device   empty
[    0.000000] Movable zone start for each node
[    0.000000] Early memory node ranges
[    0.000000]   node   0: [mem 0x0000000000001000-0x000000000009efff]
[    0.000000]   node   0: [mem 0x0000000000100000-0x000000003ffeffff]
[    0.00000] Initmem setup node 0 [mem 0x0000000000001000-0x000000003ffeffff]
[    0.000000] ACPI: PM-Tier IO Port: 0x4008
[    0.000000] IOAPIC[0]: apic_id 2, version 32, address 0xfec00000, GSI 0-23
[    0.000000] ACPI: INT_SRC_OVR (bus 0 bus_irq 0 global_irq 2 dfl dfl)
[    0.000000] ACPI: INT_SRC_OVR (bus 0 bus_irq 9 global_irq 9 low level)
[    0.00000] Using ACPI (MADT) for SMP configuration information
[    0.000000] smpboot: Allowing 2 CPUs, 0 hotplug CPUs
[    0.000000] PM: Registered nosave memory: [mem 0x00000000-0x00000fff]
[    0.000000] PM: Registered nosave memory: [mem 0x0009f000-0x0009ffff]
[    0.000000] PM: Registered nosave memory: [mem 0x000a0000-0x000effff]
[    0.000000] PM: Registered nosave memory: [mem 0x000f0000-0x000fffff]
[    0.000000] e820: [mem 0x40000000-0xfebfffff] available for PCI devices
[    0.000000] Booting paravirtualized kernel on KVM
[    0.000000] clocksource: refined-jiffies: mask: 0xffffffff max_cycles: 0xffffffff, max_idle_ns: 7645519600211568 ns
[    0.000000] setup_percpu: NR_CPUS:512 nr_cpumask_bits:512 nr_cpu_ids:2 nr_node_ids:1
[    0.000000] PERCPU: Embedded 34 pages/cpu @ffff88003fc00000 s99480 r8192 d1592 u1048576
[    0.000000] Built 1 zonelists in Node order, mobility grouping on.  Total pages: 257912
[    0.000000] Policy zone: DMA32
[    0.000000] Kernel command line: BOOT_IMAGE=/boot/vmlinuz-4.4.0-154-generic root=LABEL=cloudimg-rootfs ro console=tty1 console=ttyS0
[    0.000000] PID hash table entries: 4096 (order: 3, 32768 bytes)
[    0.000000] Memory: 997732K/1048120K available (8613K kernel code, 1335K rwdata, 4028K rodata, 1484K init, 1284K bss, 50388K reserved, 0K cma-reserved)
[    0.000000] SLUB: HWalign=64, Order=0-3, MinObjects=0, CPUs=2, Nodes=1
[    0.000000] Kernel/User page tables isolation: enabled
[    0.000000] Hierarchical RCU implementation.
[    0.000000] 	Build-time adjustment of le fanutto 64.
[    0.000000] 	RCU restricting CPUs from NR_CPUS=512 to nr_cpu_ids=2.
[    0.000000] RCU: Adjusting geometry for rcu_fanout_leaf=64, nr_cpu_ids=2
[    0.000000] NR_IRQS:33024 nr_irqs:440 16
[    0.000000] Console: colour VGA+ 80x25
[    0.00000] console [tty1] enabled
[    0.000000] console [ttyS0] enabled
[    0.000000] tsc: Detected 2992.498 MHz processor
[    2.018739] Calibrating delay loop (skipped) preset value.. 5984.99 BogoMIPS (lpj=11969992)
[    2.021712] pid_max: default: 32768 minimum: 301
[    2.023246] ACPI: Core revision 20150930
[    2.034868] ACPI: 2 ACPI AML tables successfully acquired and loaded
[    2.072326] Security Framework initialized
[    2.073757] Yama: becoming mindful.
[    2.075120] AppArmor: AppArmor initialized
[    2.076713] Dentry cache hash table entries: 131072 (order: 8, 1048576 bytes)
[    2.079313] Inode-cache hash table entries: 65536 (order: 7, 524288 bytes)
[    2.081592] Mount-cache hash table entries: 2048 (order: 2, 16384 bytes)
[    2.104856] Mountpoint-cache hash table entries: 2048 (order: 2, 16384 bytes)
[    2.142634] Initializing cgroup subsys io
[    2.144090] Initializing cgroup subsys memory
[    2.145572] Initializing cgroup subsys devices
[    2.147065] Initializing cgroup subsys freezer
[    2.148574] Initializing cgroup subsys net_cls
[    2.150066] Initializing cgroup subsys perf_event
[    2.151610] Initializing cgroup subsys net_prio
[    2.153142] Initializing cgroup subsys hugetlb
[    2.154641] Initializing cgroup subsys pids
[    2.156193] mce: CPU supports 0 MCE banks
[    2.157653] Last level iTLB entries: 4KB 128, 2MB 4, 4MB 4
[    2.159355] Last level dTLB entries: 4KB 256, 2MB 0, 4MB 32, 1GB 0
[    2.161232] Spectre V2 : Mitigation: Full generic retpoline
[    2.162970] Spectre V2 : Spectre v2 / SpectreRSB mitigation: Filling RSB on context switch
[    2.271100] Speculative Store Bypass: Vulnerable
[    2.273570] MDS: Vulnerable: Clear CPU buffers attempted, no microcode
[    2.279141] Freeing SMP alternatives memory: 36K
[    2.288654] ftrace: allocating 32299 entries in 127 pages
[    2.359468] smpboot: APIC(0) Converting physical 0 to logical package 0
[    2.362548] smpboot: Max logical packages: 1
[    2.364597] x2apic enabled
[    2.366250] Switched APIC routing to physical x2apic.
[    2.370268] ..TIMER: vector=0x30 apic1=0 pin1=2 apic2=-1 pin2=-1
[    2.475836] smpboot: CPU0: Intel(R) Core(TM)2 Duo CPU     E8400  @ 3.00GHz (family: 0x6, model: 0x17, stepping: 0xa)
[    2.481578] Performance Events: unsupported p6 CPU model 23 no PMU driver, software events only.
[    2.670348] KVM setup paravirtual spinlock
[    2.739330] x86: Booting SMP configuration:
[    2.768992] .... node  #0, CPUs:      #1
[    2.833379] kvm-clock: cpu 1, msr 0:3ffe3041, secondary cpu clock
[    2.839367] mce: CPU supports 0 MCE banks
[    2.844736] x86: Booted up 1 node, 2 CPUs
[    2.855267] smpboot: Total of 2 processors activated (11969.99 BogoMIPS)
[    2.857902] devtmpfs: initialized
[    2.862145] evm: security.selinux
[    2.869899] evm: security.SMACK64
[    2.871147] evm: security.SMACK64EXEC
[    2.872502] evm: security.SMACK64TRANSMUTE
[    2.873927] evm: security.SMACK64MMAP
[    2.875250] evm: security.ima
[    2.876424] evm: security.capability
[    2.877962] clocksource: jiffies: mask: 0xffffffff max_cycles: 0xffffffff, max_idle_ns: 7645041785100000 ns
[    2.881129] futex hash table entries: 512 (order: 3, 32768 bytes)
[    2.883159] pinctrl core: initialized pinctrl subsystem
[    2.885008] RTC time: 17:12:13, date: 08/23/19
[    2.892263] NET: Registered protocol family 16
[    2.908226] cpuidle: using governor ladder
[    2.924285] cpuidle: using governor menu
[    2.925753] PCCT header not found.
[    2.927060] ACPI: bus type PCI registered
[    2.928472] acpiphp: ACPI Hot Plug PCI Controller Driver version: 0.5
[    2.930510] PCI: Using configuration type 1 for base access
[    2.949174] ACPI: Added _OSI(Module Device)
[    2.986319] ACPI: Added _OSI(Processor Device)
[    2.987807] ACPI: Added _OSI(3.0 _SCP Extensions)
[    3.034246] ACPI: Added _OSI(Processor Aggregator Device)
[    3.036766] ACPI: Executed 1 blocks of module-level executable AML code
[    3.041371] ACPI: Interpreter enabled
[    3.042707] ACPI: (supports S0 S5)
[    3.043970] ACPI: Using IOAPIC for interrupt routing
[    3.122075] PCI: Using host bridge windows from ACPI; if necessary, use "pci=nocrs" and report a bug
[    3.129608] ACPI: PCI Root Bridge [PCI0] (domain 0000 [bus 00-ff])
[    3.140997] acpi PNP0A03:00: _OSC: OS supports [ASPM ClockPM Segments MSI]
[    3.297256] acpi PNP0A03:00: _OSC: not requesting OS control; OS requires [ExtendedConfig ASPM ClockPM MSI]
[    3.300346] acpi PNP0A03:00: fail to add MMCONFIG information, can't access extended PCI configuration space under this bridge.
[    3.304143] PCI host bridge to bus 0000:00
[    3.377961] pci_bus 0000:00: root bus resource [io  0x0000-0x0cf7 window]
[    3.451968] pci_bus 0000:00: root bus resource [io  0x0d00-0xffff window]
[    3.554685] pci_bus 0000:00: root bus resource [mem 0x000a0000-0x000bffff window]
[    3.557309] pci_bus 0000:00: root bus resource [mem 0x40000000-0xfdffffff window]
[    3.559906] pci_bus 0000:00: root bus resource [bus 00-ff]
[    3.667212] pci 0000:00:01.1: legacy IDE quirk: reg 0x10: [io  0x01f0-0x01f7]
[    3.677069] pci 0000:00:01.1: legacy IDE quirk: reg 0x14: [io  0x03f6]
[    3.710770] pci 0000:00:01.1: legacy IDE quirk: reg 0x18: [io  0x0170-0x0177]
[    3.712824] pci 0000:00:01.1: legacy IDE quirk: reg 0x1c: [io  0x0376]
[    3.736633] pci 0000:00:07.0: quirk: [io  0x4000-0x403f] claimed by PIIX4 ACPI
[    3.744648] pci 0000:00:07.0: quirk: [io  0x4100-0x410f] claimed by PIIX4 SMB
[    3.753871] ACPI: PCI Interrupt Link [LNKA] (IRQs 5 9 10 *11)
[    3.764285] ACPI: PCI Interrupt Link [LNKB] (IRQs 5 9 *10 11)
[    3.766711] ACPI: PCI Interrupt Link [LNKC] (IRQs 5 *9 10 11)
[    3.769151] ACPI: PCI Interrupt Link [LNKD] (IRQs 5 9 10 *11)
[    3.771666] ACPI: Enabled 2 GPEs in block 00 to 07
[    3.796729] vgaarb: setting as boot device: PCI:0000:00:02.0
[    3.803835] vgaarb: device added: PCI:0000:00:02.0,decodes=io+mem,owns=io+mem,locks=none
[    3.806607] vgaarb: loaded
[    3.807718] vgaarb: bridge control possible 0000:00:02.0
[    3.810069] SCSI subsystem initialized
[    3.811864] ACPI: bus type USB registered
[    3.813354] usbcore: registered new interface driver usbfs
[    3.815085] usbcore: registered new interface driver hub
[    3.816837] usbcore: registered new device driver usb
[    3.825989] PCI: Using ACPI for IRQ routing
[    3.828121] NetLabel: Initializing
[    3.855880] NetLabel:  domain hash size = 128
[    3.862699] NetLabel:  protocols = UNLABELED CIPSOv4
[    3.864364] NetLabel:  unlabeled traffic allowed by default
[    3.876560] amd_nb: Cannot enumerate AMD northbridges
[    3.977593] clocksource: Switched to clocksource kvm-clock
[    3.994449] AppArmor: AppArmor Filesystem Enabled
[    4.001464] pnp: PnP ACPI init
[    4.003717] pnp: PnP ACPI: found 3 devices
[    4.016896] clocksource: acpi_pm: mask: 0xffffff max_cycles: 0xffffff, max_idle_ns: 2085701024 ns
[    4.019897] NET: Registered protocol family 2
[    4.021925] TCP established hash table entries: 8192 (order: 4, 65536 bytes)
[    4.024165] TCP bind hash table entries: 8192 (order: 5, 131072 bytes)
[    4.026261] TCP: Hash tables configured (established 8192 bind 8192)
[    4.028331] UDP hash table entries: 512 (order: 2, 16384 bytes)
[    4.030264 UDP-Lite hash table entries: 512 (order: 2, 16384 bytes)
[    4.063207] NET: Registered protocol family 1
[    4.064807] pci 0000:00:00.0: Limiting direct PCI/PCI transfers
[    4.066734] pci 0000:00:01.0: Activating ISA DMA hang workarounds
[    4.068937] Unpacking initramfs...
[  4.325661] Freeing initrd memory: 14828K
[    4.386162] clocksource: tsc: mask: 0xffffffffffffffff max_cycles: 0x2b2296bc2b9, max_idle_ns: 440795321505 ns
[    4.389350] plform rtc_cmos: registered platform RTC device (no PNP device found)
[    4.450805] Scanning for low memory corruption every 60 seconds

[    4.453573] audit: initializing netlink subsys (disabled)
[    4.563738] audit: type=2000 audit(1566580338.406:1): initialized
[    4.660343] Initialise system trusted keyring
[    4.662087] HugeTLB registered 2 MB page size, pre-allocated 0 pages
[    4.665948] zbud: loaded
[    4.667441] VFS: Disk quotas dquot_6.6.0
[    4.668891] VFS: Dquot-cache hash table entries: 512 (order 0, 4096 bytes)
[    4.684568] squashfs: version 4.0 (2009/01/31) Phillip Lougher
[    4.686836] fuse init (API version 7.23)
[    4.688493] Key type big_key registered
[    4.689895] Allocating IMA MOK and blacklist keyrings.
[    4.693006] Key type asymmetric registered
[    4.699789] Asymmetric key parser 'x509' registered
[    4.803731] Block layer SCSI generic (bsg) driver version 0.4 loaded (major 249)
[    4.844794] io scheduler noop registered
[    4.846212] io scheduler deadline registered (default)
[    4.847904] io scheduler cfq registered
[    4.849414] pci_hotplug: PCI Hot Plug PCI Core version: 0.5
[    4.852291] pciehp: PCI Express Hot Plug Controller Driver version: 0.4
[    4.854467] ACPI: AC Adapter [AC] (on-line)
[    4.855981] input: Power Button as /devices/LNXSYSTM:00/LNXPWRBN:00/input/input0
[    4.891157] ACPI: Power Button [PWRF]
[    4.943973] input: Sleep Button as /devices/LNXSYSTM:00/LNXSLPBN:00/input/input1
[    4.946583] ACPI: Sleep Button [SLPF]
[    4.948187] GHES: HEST is not enabled!
[    4.949768] Serial: 8250/16550 driver, 32 ports, IRQ sharing enabled
[    4.974555] 00:02: ttyS0 at I/O 0x3f8 (irq = 4, base_baud = 115200) is a 16550A
[    4.981000] Linux agpgart interface v0.103
[    4.985675] loop: module loaded
[    4.987935] scsi host0: ata_piix
[    4.996991] scsi host1: ata_piix
[    5.027923] ata1: PATA max UDMA/33 cmd 0x1f0 ctl 0x3f6 bmdma 0xd000 irq 14
[    5.030182] ata2: PATA max UDMA/33 cmd 0x170 ctl 0x376 bmdma 0xd008 irq 15
[    5.032519] libphy: Fixed MDIO Bus: probed
[    5.119951] tun: Universal TUN/TAP device driver, 1.6
[    5.221364] tun: (C) 1999-2004 Max Krasnyansky <maxk@qualcomm.com>
[    5.232596] PPP generic driver version 2.4.2
[    5.234229] ehci_hcd: USB 2.0 'Enhanced' Host Controller (EHCI) Driver
[    5.236298] ehci-pci: EHCI PCI platform driver
[    5.237849] ehci-platform: EHCI generic platform driver
[    5.239637] ohci_hcd: USB 1.1 'Open' Host Controller (OHCI) Driver
[    5.241561] ohci-pci: OHCI PCI platform driver
[    5.243138] ohci-platform: OHCI generic platform driver
[    5.244845] uhci_hcd: USB Universal Host Controller Interface driver
[    5.246888] i8042: PNP: PS/2 Controller [PNP0303:PS2K,PNP0f03:PS2M] at 0x60,0x64 irq 1,12
[    5.250385] serio: i8042 KBD port at 0x60,0x64 irq 1
[    5.252006] serio: i8042 AUX port at 0x60,0x64 irq 12
[    5.253792] mousedev: PS/2 mouse device common for all mice
[    5.256376] input: AT Translated Set 2 keyboard as /devices/platform/i8042/serio0/input/input2
[    5.259351] rtc_cmos rtc_cmos: rtc core: registered rtc_cmos as rtc0
[    5.272517] rtc_cmos rtc_cmos: alarms up to one day, 114 bytes nvram
[    5.274440] i2c /dev entries driver
[    5.275949] device-mapper: uevent: version 1.0.3
[    5.277582] device-mapper: ioctl: 4.34.0-ioctl (2015-10-28) initialised: dm-devel@redhat.com
[    5.293267] ledtrig-cpu: registered to indicate activity on CPUs
[    5.383845] NET: Registered protocol family 10
[    5.386010] NET: Registered protocol family 17
[    5.387606] Key type dns_resolver registered
[    5.389493] registered taskstats version 1
[    5.422999] Loading compiled-in X.509 certificates
[    5.425658] Loaded X.509 cert 'Build time autogenerated kernel key: 65139e04a67245b562a838c28b5e7032abdd4348'
[    5.429014] zswap: loaded using pool lzo/zbud
[    5.443808] Key type trusted registered
[    5.471264] Key type encrypted registered
[    5.481967] AppArmor: AppArmor sha1 policy hashing enabled
[    5.483797] ima: No TPM chip found, activating TPM-bypass!
[    5.485609] ima: Allocated hash algorithm: sha1
[    5.492036] evm: HMAC attrs: 0x1
[    5.493941]   Magic number: 15:711:239
[    5.495497] rtc_cmos rtc_cmos: setting system clock to 2019-08-23 17:12:16 UTC (1566580336)
[    5.498691] BIOS EDD facility v0.16 2004-Jun-25, 0 devices found
[    5.500640] EDD information not available.
[    5.520276] Freeing unused kernel memory: 1484K
[    5.533621] Write protecting the kernel read-only data: 14336k
[    5.549438] Freeing unused kernel memory: 1616K
[    5.582325] Freeing unused kernel memory: 68K
Loading, please wait...
starting version 229
[    5.724692] random: systemd-udevd: uninitialized urandom read (16 bytes read, 2 bits of entropy available)
[    5.734638] random: udevadm: uninitialized urandom read (16 bytes read, 2 bits of entropy available)
[    5.734875] random: udevadm: uninitialized urandom read (16 bytes read, 2 bits of entropy available)
[    5.772403] random: systemd-udevd: uninitialized urandom read (16 bytes read, 2 bits of entropy available)
[    5.777356] random: systemd-udevd: uninitialized urandom read (16 bytes read, 2 bits of entropy available)
[    5.782462] random: systemd-udevd: uninitialized urandom read (16 bytes read, 2 bits of entropy available)
[    5.790825] random: systemd-udevd: uninitialized urandom read (16 bytes read, 2 bits of entropy available)
[    5.795677] random: systemd-udevd: uninitialized urandom read (16 bytes read, 2 bits of entropy available)
[    5.801625] random: systemd-udevd: uninitialized urandom read (16 bytes read, 2 bits of entropy available)
[    5.814838] random: systemd-udevd: uninitialized urandom read (16 bytes read, 2 bits of entropy available)
[    6.097394] Fusion MPT base driver 3.04.20
[    6.101489] e1000: Intel(R) PRO/1000 Network Driver - version 7.3.21-k8-NAPI
[    6.101490] e1000: Copyright (c) 1999-2006 Intel Corporation.
[    6.110981] Copyright (c) 1999-2008 LSI Corporation
[    6.146591] Fusion MPT SPI Host driver 3.04.20
[    6.377793] input: ImExPS/2 Generic Explorer Mouse as /devices/platform/i8042/serio1/input/input4
[    6.709871] e1000 0000:00:03.0 eth0: (PCI:33MHz:32-bit) 02:1e:e5:6d:71:21
[    6.717249] e1000 0000:00:03.0 eth0: Intel(R) PRO/1000 Network Connection
[    6.720944] mptbase: ioc0: Initiating bringup
[    6.723924] e1000 0000:00:03.0 enp0s3: renamed from eth0
[    6.786119] ioc0: LSI53C1030 A0: Capabilities={Initiator}
[    6.947632] scsi host2: ioc0: LSI53C1030 A0, FwRev=00000000h, Ports=1, MaxQ=256, IRQ=20
[    7.082534] scsi 2:0:0:0: Direct-Access     VBOX     HARDDISK         1.0  PQ: 0 ANSI: 5
[    7.092973] scsi target2:0:0: Beginning Domain Validation
[    7.103992] scsi target2:0:0: Domain Validation skipping write tests
[    7.105926] scsi target2:0:0: Ending Domain Validation
[    7.107686] scsi target2:0:0: asynchronous
[    7.109965] scsi 2:0:1:0: Direct-Access     VBOX     HARDDISK         1.0  PQ: 0 ANSI: 5
[    7.112723] scsi target2:0:1: Beginning Domain Validation
[    7.116103] scsi target2:0:1: Domain Validation skipping write tests
[    7.118114] scsi target2:0:1: Ending Domain Validation
[    7.119948] scsi target2:0:1: asynchronous
[    7.130097] sd 2:0:0:0: Attached scsi generic sg0 type 0
[    7.142451] sd 2:0:0:0: [sda] 20971520 512-byte logical blocks: (10.7 GB/10.0 GiB)
[    7.142968] sd 2:0:1:0: Attached scsi generic sg1 type 0
[    7.149366] sd 2:0:1:0: [sdb] 20480 512-byte logical blocks: (10.5 MB/10.0 MiB)
[    7.152431] sd 2:0:1:0: [sdb] Write Protect is off
[    7.152473] sd 2:0:0:0: [sda] Write Protect is off
[    7.152591] sd 2:0:0:0: [sda] Incomplete mode parameter data
[    7.152593] sd 2:0:0:0: [sda] Assuming drive cache: write through
[    7.160117]  sda: sda1
[    7.161958] sd 2:0:0:0: [sda] Attached SCSI disk
[    7.201950] sd 2:0:1:0: [sdb] Incomplete mode parameter data
[    7.203794] sd 2:0:1:0: [sdb] Assuming drive cache: write through
[    7.230194] sd 2:0:1:0: [sdb] Attached SCSI disk
Begin: Loading essential drivers ... [    9.598077] md: linear personality registered for level -1
[    9.624378] md: multipath personality registered for level -4
[    9.648480] md: raid0 personality registered for level 0
[    9.674775] md: raid1 personality registered for level 1
[    9.770469] raid6: sse2x1   gen()  4804 MB/s
[    9.850466] raid6: sse2x1   xor()  4612 MB/s
[    9.930464] raid6: sse2x2   gen()  6037 MB/s
[   10.010462] raid6: sse2x2   xor()  6222 MB/s
[   10.100482] raid6: sse2x4   gen()  8928 MB/s
[   10.180464] raid6: sse2x4   xor()  7007 MB/s
[   10.182357] raid6: using algorithm sse2x4 gen() 8928 MB/s
[   10.184147] raid6: .... xor() 7007 MB/s, rmw enabled
[   10.185831] raid6: using ssse3x2 recovery algorithm
[   10.189685] xor: measuring software checksum speed
[   10.287790]    prefetch64-sse: 28445.000 MB/sec
[   10.380476]    generic_sse: 28642.000 MB/sec
[   10.382185] xor: using function: generic_sse (28642.000 MB/sec)
[   10.388244] async_tx: api initialized (async)
[   10.462240] md: raid6 personality registered for level 6
[   10.466753] md: raid5 personality registered for level 5
[   10.470086] md: raid4 personality registered for level 4
[   10.566617] md: raid10 personality registered for level 10
done.
Begin: Running /scripts/init-premount ... done.
Begin: Mounting root file system ... Begin: Running /scripts/local-top ... done.
Begin: Running /scripts/local-premount ... [   10.878454] Btrfs loaded
Scanning for Btrfs filesystems
done.
Warning: fsck not present, so skipping root file[   11.079660] EXT4-fs (sda1): mounted filesystem with ordered data mode. Opts: (null)
 system
done.
Begin: Running /scripts/local-bottom ... done.
Begin: Running /scripts/init-bottom ... done.
[   11.862863] systemd[1]: systemd 229 running in system mode. (+PAM +AUDIT +SELINUX +IMA +APPARMOR +SMACK +SYSVINIT +UTMP +LIBCRYPTSETUP +GCRYPT +GNUTLS +ACL +XZ -LZ4 +SECCOMP +BLKID +ELFUTILS +KMOD -IDN)
[   11.894219] systemd[1]: Detected virtualization oracle.
[   11.896311] systemd[1]: Detected architecture x86-64.

Welcome to [1mUbuntu 16.04.6 LTS[0m!

[   11.948518] systemd[1]: Set hostname to <ubuntu>.
[   11.963167] systemd[1]: Initializing machine ID from random generator.
[   11.965362] systemd[1]: Installed transient /etc/machine-id file.
[   12.222821] random: nonblocking pool is initialized
[   12.916548] systemd[1]: Started Trigger resolvconf update for networkd DNS.
[[0;32m  OK  [0m] Started Trigger resolvconf update for networkd DNS.
[   12.995768] systemd[1]: Reached target Encrypted Volumes.
[[0;32m  OK  [0m] Reached target Encrypted Volumes.
[   13.004075] systemd[1]: Listening on Journal Audit Socket.
[[0;32m  OK  [0m] Listening on Journal Audit Socket.
[   13.027731] systemd[1]: Listening on udev Control Socket.
[[0;32m  OK  [0m] Listening on udev Control Socket.
[   13.054130] systemd[1]: Listening on /dev/initctl Compatibility Named Pipe.
[[0;32m  OK  [0m] Listening on /dev/initctl Compatibility Named Pipe.
[   13.077017] systemd[1]: Reached target System Time Synchronized.
[[0;32m  OK  [0m] Reached target System Time Synchronized.
[   13.099705] systemd[1]: Listening on Journal Socket.
[[0;32m  OK  [0m] Listening on Journal Socket.
[   13.132702] systemd[1]: Listening on Device-mapper event daemon FIFOs.
[[0;32m  OK  [0m] Listening on Device-mapper event daemon FIFOs.
[   13.181826] systemd[1]: Reached target User and Group Name Lookups.
[[0;32m  OK  [0m] Reached target User and Group Name Lookups.
[   13.223941] systemd[1]: Listening on LVM2 poll daemon socket.
[[0;32m  OK  [0m] Listening on LVM2 poll daemon socket.
[   13.282396] systemd[1]: Listening on udev Kernel Socket.
[[0;32m  OK  [0m] Listening on udev Kernel Socket.
[   13.323906] systemd[1]: Listening on LVM2 metadata daemon socket.
[[0;32m  OK  [0m] Listening on LVM2 metadata daemon socket.
[   13.365941] systemd[1]: Listening on Syslog Socket.
[[0;32m  OK  [0m] Listening on Syslog Socket.
[   13.408540] systemd[1]: Created slice System Slice.
[[0;32m  OK  [0m] Created slice System Slice.
[   13.466756] systemd[1]: Starting Create list of required static device nodes for the current kernel...
         Starting Create list of required st... nodes for the current kernel...
[   13.516743] systemd[1]: Starting Load Kernel Modules...
         Starting Load Kernel Modules...
[   13.546997] systemd[1]: Starting Monitoring of LVM2 mirrors, snapshots etc. using dmeventd or progress polling...
         Starting Monitoring of LVM2 mirrors... dmeventd or progress polling...
[   13.572113] systemd[1]: Starting Nameserver information manager...
         Starting Nameserver information manager...
[   13.605442] systemd[1]: Starting Uncomplicated firewall...
         Starting Uncomplicated firewall...
[   13.627244] Loading iSCSI transport class v2.0-870.
[   13.639173] systemd[1]: Mounting Huge Pages File System...
         Mounting Huge Pages File System...
[   13.669043] systemd[1]: Starting Set console keymap...
         Starting Set console keymap...
[   13.710876] systemd[1]: Mounting Debug File System...
[   13.732862] iscsi: registered transport (tcp)
         Mounting Debug File System...
[   13.766371] systemd[1]: Created slice User and Session Slice.
[[0;32m  OK  [0m] Created slice User and Session Slice.
[   13.774410] systemd[1]: Reached target Slices.
[[0;32m  OK  [0m] Reached target Slices.
[   13.781819] systemd[1]: Created slice system-serial\x2dgetty.slice.
[[0;32m  OK  [0m] Created slice system-serial\x2dgetty.slice.
[   13.806080] systemd[1]: Mounting POSIX Message Queue File System...
         Mounting POSIX Message Queue File System...
[   13.832751] systemd[1]: Reached target Swap.
[[0;32m  OK  [0m] Reached target Swap.
[   13.857910] systemd[1]: Starting Remount Root and Kernel File Systems...
         Starting Remount Root and Kernel File Systems...
[   13.886045] systemd[1]: Started Forward Password Requests to Wall Directory Watch.
[[0;32m  OK  [0m] Started Forward Password Requests to Wall Directory Watch.
[   13.908334] systemd[1]: Listening on Journal Socket (/dev/log).
[[0;32m  OK  [0m] Listening on Journal Socket (/dev/log).
[   13.939171] iscsi: registered transport (iser)
[   13.943083] EXT4-fs (sda1): re-mounted. Opts: (null)
[   13.971780] systemd[1]: Starting Journal Service...
         Starting Journal Service...
[   13.985376] systemd[1]: Set up automount Arbitrary Executable File Formats File System Automount Point.
[[0;32m  OK  [0m] Set up automount Arbitrary Executab...ats File System Automount Point.
[   14.146330] systemd[1]: Mounted POSIX Message Queue File System.
[[0;32m  OK  [0m] Mounted POSIX Message Queue File System.
[   14.161093] systemd[1]: Mounted Huge Pages File System.
[[0;32m  OK  [0m] Mounted Huge Pages File System.
[   14.171119] systemd[1]: Mounted Debug File System.
[[0;32m  OK  [0m] Mounted Debug File System.
[   14.176343] systemd[1]: Started Journal Service.
[[0;32m  OK  [0m] Started Journal Service.
[[0;32m  OK  [0m] Started Create list of required sta...ce nodes for the current kernel.
[[0;32m  OK  [0m] Started Load Kernel Modules.
[[0;32m  OK  [0m] Started Uncomplicated firewall.
[[0;32m  OK  [0m] Started Remount Root and Kernel File Systems.
[[0;32m  OK  [0m] Started Nameserver information manager.
[[0;32m  OK  [0m] Started Set console keymap.
[[0;32m  OK  [0m] Started LVM2 metadata daemon.
         Starting udev Coldplug all Devices...
         Starting Load/Save Random Seed...
         Starting Apply Kernel Variables...
         Mounting FUSE Control File System...
         Starting Create Static Device Nodes in /dev...
         Starting Flush Journal to Persistent Storage...
[[0;32m  OK  [0m] Mounted FUSE Control File System.
[[0;32m  OK  [0m] Started Load/Save Random Seed.
[[0;32m  OK  [0m] Started Apply Kernel Variables.
[[0;32m  OK  [0m] Started Create Static Device Nodes in /dev.
         Starting udev Kernel Device Manager...
[[0;32m  OK  [0m] Started Flush Journal to Persistent Storage.
[[0;32m  OK  [0m] Started Monitoring of LVM2 mirrors,...ng dmeventd or progress polling.
[[0;32m  OK  [0m] Reached target Local File Systems (Pre).
[[0;32m  OK  [0m] Reached target Local File Systems.
         Starting Create Volatile Files and Directories...
         Starting Set console font and keymap...
         Starting Commit a transient machine-id on disk...
         Starting Tell Plymouth To Write Out Runtime Data...
         Starting Initial cloud-init job (pre-networking)...
         Starting LSB: AppArmor initialization...
[[0;32m  OK  [0m] Started udev Kernel Device Manager.
[[0;32m  OK  [0m] Started Create Volatile Files and Directories.
[[0;32m  OK  [0m] Started Commit a transient machine-id on disk.
[[0;32m  OK  [0m] Started Tell Plymouth To Write Out Runtime Data.
         Starting Update UTMP about System Boot/Shutdown...
[[0;32m  OK  [0m] Started udev Coldplug all Devices.
[[0;32m  OK  [0m] Started Update UTMP about System Boot/Shutdown.
[[0;32m  OK  [0m] Started Dispatch Password Requests to Console Directory Watch.
[[0;32m  OK  [0m] Found device /dev/ttyS0.
[[0;32m  OK  [0m] Listening on Load/Save RF Kill Switch Status /dev/rfkill Watch.
[[0;32m  OK  [0m] Started LSB: AppArmor initialization.
[   19.055856] cloud-init[469]: Cloud-init v. 19.1-1-gbaa47854-0ubuntu1~16.04.1 running 'init-local' at Fri, 23 Aug 2019 17:12:31 +0000. Up 17.27 seconds.
[[0;32m  OK  [0m] Started Initial cloud-init job (pre-networking).
[[0;32m  OK  [0m] Reached target Network (Pre).
         Starting Raise network interfaces...
[[0;32m  OK  [0m] Started Set console font and keymap.
[[0;32m  OK  [0m] Created slice system-getty.slice.
[[0;32m  OK  [0m] Started Raise network interfaces.
         Starting Initial cloud-init job (metadata service crawler)...
[[0;32m  OK  [0m] Reached target Network.
[   25.734207] cloud-init[942]: Cloud-init v. 19.1-1-gbaa47854-0ubuntu1~16.04.1 running 'init' at Fri, 23 Aug 2019 17:12:36 +0000. Up 22.17 seconds.
[   25.751270] cloud-init[942]: ci-info: ++++++++++++++++++++++++++++++++++++++Net device info++++++++++++++++++++++++++++++++++++++
[   25.759813] cloud-init[942]: ci-info: +--------+------+----------------------------+---------------+--------+-------------------+
[   25.770118] cloud-init[942]: ci-info: | Device |  Up  |          Address           |      Mask     | Scope  |     Hw-Address    |
[   25.778913] cloud-init[942]: ci-info: +--------+------+----------------------------+---------------+--------+-------------------+
[   25.785043] cloud-init[942]: ci-info: | enp0s3 | True |         10.0.2.15          | 255.255.255.0 | global | 02:1e:e5:6d:71:21 |
[   25.793628] cloud-init[942]: ci-info: | enp0s3 | True | fe80::1e:e5ff:fe6d:7121/64 |       .       |  link  | 02:1e:e5:6d:71:21 |
[   25.809053] cloud-init[942]: ci-info: |   lo   | True |         127.0.0.1          |   255.0.0.0   |  host  |         .         |
[   25.822451] cloud-init[942]: ci-info: |   lo   | True |          ::1/128           |       .       |  host  |         .         |
[   25.826623] cloud-init[942]: ci-info: +--------+------+----------------------------+---------------+--------+-------------------+
[   25.841564] cloud-init[942]: ci-info: +++++++++++++++++++++++++++Route IPv4 info++++++++++++++++++++++++++++
[   25.884853] cloud-init[942]: ci-info: +-------+-------------+----------+---------------+-----------+-------+
[   25.898065] cloud-init[942]: ci-info: | Route | Destination | Gateway  |    Genmask    | Interface | Flags |
[   25.909691] cloud-init[942]: ci-info: +-------+-------------+----------+---------------+-----------+-------+
[   25.974273] cloud-init[942]: ci-info: |   0   |   0.0.0.0   | 10.0.2.2 |    0.0.0.0    |   enp0s3  |   UG  |
[   26.005110] cloud-init[942]: ci-info: |   1   |   10.0.2.0  | 0.0.0.0  | 255.255.255.0 |   enp0s3  |   U   |
[   26.013201] cloud-init[942]: ci-info: +-------+-------------+----------+---------------+-----------+-------+
[   26.024730] cloud-init[942]: ci-info: +++++++++++++++++++Route IPv6 info+++++++++++++++++++
[   26.028746] cloud-init[942]: ci-info: +-------+-------------+---------+-----------+-------+
[   26.046867] cloud-init[942]: ci-info: | Route | Destination | Gateway | Interface | Flags |
[   26.050631] cloud-init[942]: ci-info: +-------+-------------+---------+-----------+-------+
[   26.054165] cloud-init[942]: ci-info: |   0   |  fe80::/64  |    ::   |   enp0s3  |   U   |
[   26.103055] cloud-init[942]: ci-info: |   4   |   ff00::/8  |    ::   |   enp0s3  |   U   |
[[0;32m  OK  [0m] Started Initial cloud-init job (metadata service crawler).
[[0;32m  OK  [0m] Reached target Network is Online.
[   26.116464] cloud-init[942]: ci-info: +-------+-------------+---------+-----------+-------+
[   26.159664] cloud-init[942]: Generating public/private rsa key pair.
         Starting iSCSI initiator daemon (iscsid)...
[[0;32m  OK  [0m] Reached target Cloud-config availability.
[   26.168805] cloud-init[942]: Your identification has been saved in /etc/ssh/ssh_host_rsa_key.
[   26.209382] cloud-init[942]: Your public key has been saved in /etc/ssh/ssh_host_rsa_key.pub.
[   26.213284] cloud-init[942]: The key fingerprint is:
[   26.213561] cloud-init[942]: SHA256:ksBmVRDqGhcEicFUjW2ZCSzaucroVNN9K17vf9eAmNU root@ubuntu-xenial
[   26.213801] cloud-init[942]: The key's randomart image is:
[   26.214057] cloud-init[942]: +---[RSA 2048]----+
[   26.214368] cloud-init[942]: |+++=* B+.        |
[   26.214603] cloud-init[942]: |.o.= X           |
[   26.214844] cloud-init[942]: |....O        .   |
[   26.215128] cloud-init[942]: |. o+.o..    . E  |
[   26.215361] cloud-init[942]: |  .+o.o.S. + .   |
[   26.215604] cloud-init[942]: |  o+.  .. + . .  |
[   26.215840] cloud-init[942]: |oo.    . o     ..|
[[0;32m  OK  [0m] Reached target System Initialization.
[   26.220341] cloud-init[942]: |+.    . o .    .o|
[   26.372045] cloud-init[942]: |..     .  .o... .|
[   26.501558] cloud-init[942]: +----[SHA256]-----+
[   26.539626] cloud-init[942]: Generating public/private dsa key pair.
[   26.561128] cloud-init[942]: Your identification has been saved in /etc/ssh/ssh_host_dsa_key.
         Starting Socket activation for snappy daemon.
[[0;32m  OK  [0m] Started Daily apt download activities.
[[0;32m  OK  [0m] Listening on ACPID Listen Socket.
[   26.568419] cloud-init[942]: Your public key has been saved in /etc/ssh/ssh_host_dsa_key.pub.
[   27.388282] cloud-init[942]: The key fingerprint is:
[   27.390229] cloud-init[942]: SHA256:oRLDBqZhqtVDwQ8gjTGNo6f0EHQlj0n9+W7648pixXE root@ubuntu-xenial
[[0;32m  OK  [0m] Started ACPI Events Check.
[   27.394366] cloud-init[942]: The key's randomart image is:
[[0;32m  OK  [0m] Reached target Paths.
[   27.398032] cloud-init[942]: +---[DSA 1024]----+
[[0;32m  OK  [0m] Started Daily Cleanup of Temporary Directories.
[[0;32m  OK  [0m] Listening on UUID daemon activation socket.
[   27.401591] cloud-init[942]: |*O+*=o           |
[   27.521557] cloud-init[942]: |*B==B.           |
[[0;32m  OK  [0m] Listening on D-Bus System Message Bus Socket.
[[0;32m  OK  [0m] Started Daily apt upgrade and clean activities.
[   27.524376] cloud-init[942]: |+.ooB+. o        |
[   27.541263] cloud-init[942]: |o+.. +.= E       |
[   27.543393] cloud-init[942]: |ooo . o S        |
[[0;32m  OK  [0m] Reached target Timers.
[   27.544536] cloud-init[942]: |.  . . o .       |
[   27.633998]          cloud-initStarting LXD - unix socket.[942]: 
|      . .        |
[   27.634615] cloud-init[942]: |     o.  +       |
[   27.661769] cloud-init[942]: |    . .+*o.      |
[   27.663708] cloud-init[942]: +----[SHA256]-----+
[   27.690594] cloud-init[942]: [Generating public/private ecdsa key pair.[0;32m  OK  [0m
] Listening on Socket activation for snappy daemon.
[   27.691412] cloud-init[942]: Your identification has been saved in /etc/ssh/ssh_host_ecdsa_key.
[[0;32m  OK  [0m] Listening on LXD - unix socket.
[[0;32m  OK  [0m] Started iSCSI initiator daemon (iscsid).
[   27.722649] cloud-init[942]: Your public key has been saved in /etc/ssh/ssh_host_ecdsa_key.pub.
[   27.769100] cloud-init[942]: The key fingerprint is:
[   27.806639] cloud-init[942]: SHA256:tW77sDs3MXXjae3RrNL1uc0TxzfBXVc/X13mY0mTxB4 root@ubuntu-xenial
[   27.809344] cloud-init[942]: The key's randomart image is:
         Starting Login to default iSCSI targets...
[   27.835522] cloud-init[942]: +---[ECDSA 256]---+
[[0;32m  OK  [0m] Reached target Sockets.
[   27.880494] cloud-init[942]: |              o+*|
[   27.891852] cloud-init[942]: |              .EO|
[   27.893965] cloud-init[942]: |          .   o=X|
[   27.896878] cloud-init[942]: |         . .  o=B|
[   27.901380] [[0;32m  OK  [0m] Reached target Basic System.
cloud-init[942]: |        S .  ..+B|
[   27.915025] cloud-init[942]: |         .  o  BO|
[   27.917275] cloud-init[942]: |          +  +.+O|
[   27.921371] cloud-init[942]: |         ..++ o++|
[   27.937312] cloud-init[942]: |          +=.o .=|
[   27.944915] cloud-init[942]: +----[SHA256]-----+
         Starting LSB: Record successful boot for GRUB...
[   27.962074] cloud-init[942]: Generating public/private ed25519 key pair.
[   28.041031] cloud-init[942]: Your identification has been saved in /etc/ssh/ssh_host_ed25519_key.
         Starting Login Service...
[   28.070398] cloud-init[942]: Your public key has been saved in /etc/ssh/ssh_host_ed25519_key.pub.
[   28.127231] cloud-init[942]: The key fingerprint is:
[   28.130319] cloud-init[942]: SHA256:mdF1ED6m3gwsKp8rZhiI/rAdn8kUK1eZt6gOMq7Eb4Y root@ubuntu-xenial
[[0;32m  OK  [0m] Started D-Bus System Message Bus.
[   28.193158] cloud-init[942]: The key's randomart image is:
[   28.216677] cloud-init[942]: +--[ED25519 256]--+
[   28.228728] cloud-init[942]: |            +o.  |
[   28.240684] cloud-init[942]: |         . o .   |
[   28.290534] cloud-init[942]: |        . . +    |
[   28.310314] cloud-init[942]: |        o= o .   |
[   28.376732] cloud-init[942]: |..   . +S.+      |
[   28.378797] cloud-init[942]: |+ .   +.oo.+     |
[   28.391594] cloud-init[942]: |.*.*.+.. .. o    |
[   28.394267] cloud-init[942]: |oEOo%o+.         |
[   28.398825] cloud-init[942]: |oo+*.O+.         |
[   28.410310] cloud-init[942]: +----[SHA256]-----+
[[0;32m  OK  [0m] Started ACPI event daemon.
         Starting Pollinate to seed the pseudo random number generator...
[[0;32m  OK  [0m] Started FUSE filesystem for LXC.
         Starting /etc/rc.local Compatibility...
         Starting LXD - container startup/shutdown...
         Starting LSB: MD monitoring daemon...
[[0;32m  OK  [0m] Started Regular background program processing daemon.
[[0;32m  OK  [0m] Started Deferred execution scheduler.
         Starting Virtualbox guest utils...
         Starting System Logging Service...
         Starting Accounts Service...
         Starting Snappy daemon...
[[0;32m  OK  [0m] Started /etc/rc.local Compatibility.
[[0;32m  OK  [0m] Started System Logging Service.
[[0;32m  OK  [0m] Started Login Service.
[[0;32m  OK  [0m] Started Login to default iSCSI targets.
[[0;32m  OK  [0m] Reached target Remote File Systems (Pre).
[[0;32m  OK  [0m] Reached target Remote File Systems.
         Starting Permit User Sessions...
         Starting LSB: daemon to balance interrupts for SMP systems...
         Starting LSB: automatic crash report generation...
         Starting LSB: Set the CPU Frequency Scaling governor to "ondemand"...
[[0;32m  OK  [0m] Started Unattended Upgrades Shutdown.
[[0;32m  OK  [0m] Started Permit User Sessions.
         Starting Authenticate and Authorize Users to Run Privileged Tasks...
         Starting Terminate Plymouth Boot Screen...
         Starting Hold until boot process finishes up...
[[0;32m  OK  [0m] Started LSB: Record successful boot for GRUB.
[[0;32m  OK  [0m] Started LSB: MD monitoring daemon.
[[0;32m  OK  [0m] Started Terminate Plymouth Boot Screen.
[[0;32m  OK  [0m] Started Hold until boot process finishes up.
         Starting Set console scheme...
[[0;32m  OK  [0m] Started Getty on tty1.
[[0;32m  OK  [0m] Started Serial Getty on ttyS0.
[[0;32m  OK  [0m] Reached target Login Prompts.
[[0;32m  OK  [0m] Started Set console scheme.
[[0;32m  OK  [0m] Started Authenticate and Authorize Users to Run Privileged Tasks.
[[0;32m  OK  [0m] Started Accounts Service.
[[0;32m  OK  [0m] Started LSB: automatic crash report generation.
[[0;32m  OK  [0m] Started LXD - container startup/shutdown.
[[0;32m  OK  [0m] Started LSB: Set the CPU Frequency Scaling governor to "ondemand".
[[0;32m  OK  [0m] Started Virtualbox guest utils.
[[0;32m  OK  [0m] Started LSB: daemon to balance interrupts for SMP systems.
[[0;32m  OK  [0m] Started Snappy daemon.
         Starting Wait until snapd is fully seeded...
[[0;32m  OK  [0m] Started Pollinate to seed the pseudo random number generator.
         Starting OpenBSD Secure Shell server...
[[0;32m  OK  [0m] Started OpenBSD Secure Shell server.
[[0;32m  OK  [0m] Created slice User Slice of vagrant.
         Starting User Manager for UID 1000...
[[0;32m  OK  [0m] Started Session 1 of user vagrant.
[[0;32m  OK  [0m] Started User Manager for UID 1000.
[[0;32m  OK  [0m] Started Wait until snapd is fully seeded.
         Starting Apply the settings specified in cloud-config...
[[0;32m  OK  [0m] Reached target Multi-User System.
[[0;32m  OK  [0m] Reached target Graphical Interface.
         Starting Update UTMP about System Runlevel Changes...
[[0;32m  OK  [0m] Started Update UTMP about System Runlevel Changes.

Ubuntu 16.04.6 LTS ubuntu-xenial ttyS0

ubuntu-xenial login: [   38.324171] cloud-init[1365]: Generating locales (this might take a while)...
[   41.657590] cloud-init[1365]:   en_US.UTF-8... done
[   41.659651] cloud-init[1365]: Generation complete.
[   43.642877] cloud-init[1365]: Cloud-init v. 19.1-1-gbaa47854-0ubuntu1~16.04.1 running 'modules:config' at Fri, 23 Aug 2019 17:12:51 +0000. Up 37.51 seconds.
ci-info: no authorized ssh keys fingerprints found for user ubuntu.
<14>Aug 23 17:13:00 ec2: 
<14>Aug 23 17:13:00 ec2: #############################################################
<14>Aug 23 17:13:00 ec2: -----BEGIN SSH HOST KEY FINGERPRINTS-----
<14>Aug 23 17:13:00 ec2: 1024 SHA256:oRLDBqZhqtVDwQ8gjTGNo6f0EHQlj0n9+W7648pixXE root@ubuntu-xenial (DSA)
<14>Aug 23 17:13:00 ec2: 256 SHA256:tW77sDs3MXXjae3RrNL1uc0TxzfBXVc/X13mY0mTxB4 root@ubuntu-xenial (ECDSA)
<14>Aug 23 17:13:00 ec2: 256 SHA256:mdF1ED6m3gwsKp8rZhiI/rAdn8kUK1eZt6gOMq7Eb4Y root@ubuntu-xenial (ED25519)
<14>Aug 23 17:13:00 ec2: 2048 SHA256:ksBmVRDqGhcEicFUjW2ZCSzaucroVNN9K17vf9eAmNU root@ubuntu-xenial (RSA)
<14>Aug 23 17:13:00 ec2: -----END SSH HOST KEY FINGERPRINTS-----
<14>Aug 23 17:13:00 ec2: #############################################################
-----BEGIN SSH HOST KEY KEYS-----
ecdsa-sha2-nistp256 AAAAE2VjZHNhLXNoYTItbmlzdHAyNTYAAAAIbmlzdHAyNTYAAABBBNFyikLeM3VIzQIG2NJSx4ksv1d2E+3wyN+8yuG3M3yioTMa2ucus/VjyB2fvU3JLK47Ix2mRUj9/8Ab1DkG3bU= root@ubuntu-xenial
ssh-ed25519 AAAAC3NzaC1lZDI1NTE5AAAAIAwuFXsacTbNZynlA6ZfzswsKISGmrSGfZbmfQ2kIdjb root@ubuntu-xenial
ssh-rsa AAAAB3NzaC1yc2EAAAADAQABAAABAQDHkwNYyvTYxwuzxjlG5BAJtNB08zUse7+gC/PylVicn99JKbXATM33mjzI/KOS+4QqU6qFICAVr4Pko48mSDnLaAFJeoE+aUCuZ6yMooPH3RCFrbRD22YC70TIYvS3QTn0sFBG2dodEd2begjgV8mEm4ycmYvYyFS1cQi4uZjTYwY9j67IJs2ZkZJbVRsD2nVssaB7mY/NNgel1/lq0dH5CYjMw5VI2QKJMQjg6btGdzTwOQBCgOcPTbP0gwFPpgo1RO67Sk8pxaBNp6U9sWouX0GYxjFpw+VFmBSDYdbWo4HAxtNZW0otPiJO8cwr7Fxm76KIV3Cl4F1FQjvgy6Yf root@ubuntu-xenial
-----END SSH HOST KEY KEYS-----
[   45.907320] cloud-init[1532]: Cloud-init v. 19.1-1-gbaa47854-0ubuntu1~16.04.1 running 'modules:final' at Fri, 23 Aug 2019 17:12:59 +0000. Up 45.16 seconds.
[   45.908212] cloud-init[1532]: ci-info: no authorized ssh keys fingerprints found for user ubuntu.
[   45.909744] cloud-init[1532]: Cloud-init v. 19.1-1-gbaa47854-0ubuntu1~16.04.1 finished at Fri, 23 Aug 2019 17:13:00 +0000. Datasource DataSourceNoCloud [seed=/dev/sdb][dsmode=net].  Up 45.87 seconds
