[    0.000000] Initializing cgroup subsys cpuset
[    0.000000] Initializing cgroup subsys cpu
[    0.000000] Initializing cgroup subsys cpuacct
[    0.000000] Linux version 4.4.0-154-generic (buildd@lgw01-amd64-049) (gcc version 5.4.0 20160609 (Ubuntu 5.4.0-6ubuntu1~16.04.10) ) #181-Ubuntu SMP Tue Jun 25 05:29:03 UTC 2019 (Ubuntu 4.4.0-154.181-generic 4.4.179)
[    0.000000] Command line: BOOT_IMAGE=/boot/vmlinuz-4.4.0-154-generic root=LABEL=cloudimg-rootfs ro console=tty1 console=ttyS0
[    0.000000] KERNEL supported cpus:
[    0.000000]   Intel GenuineIntel
[    0.000000]   AMD AuthenticAMD
[    0.000000]   Centaur CentaurHauls
[    0.000000] x86/fpu: Legacy x87 FPU detected.
[    0.000000] e820: BIOS-provided physical RAM map:
[    0.000000] BIOS-e820: [mem 0x0000000000000000-0x000000000009fbff] usable
[    0.000000] BIOS-e820: [mem 0x000000000009fc00-0x000000000009ffff] reserved
[    0.000000] BIOS-e820: [mem 0x00000000000f0000-0x00000000000fffff] reserved
[    0.000000] BIOS-e820: [mem 0x0000000000100000-0x000000002cfeffff] usable
[    0.000000] BIOS-e820: [mem 0x000000002cff0000-0x000000002cffffff] ACPI data
[    0.000000] BIOS-e820: [mem 0x00000000fec00000-0x00000000fec00fff] reserved
[    0.000000] BIOS-e820: [mem 0x00000000fee00000-0x00000000fee00fff] reserved
[    0.000000] BIOS-e820: [mem 0x00000000fffc0000-0x00000000ffffffff] reserved
[    0.000000] NX (Execute Disable) protection: active
[    0.000000] SMBIOS 2.5 present.
[    0.000000] Hypervisor detected: KVM
[    0.000000] e820: last_pfn = 0x2cff0 max_arch_pfn = 0x400000000
[    0.000000] MTRR: Disabled
[    0.000000] x86/PAT: MTRRs disabled, skipping PAT initialization too.
[    0.000000] CPU MTRRs all blank - virtualized system.
[    0.000000] x86/PAT: Configuration [0-7]: WB  WT  UC- UC  WB  WT  UC- UC  
[    0.000000] found SMP MP-table at [mem 0x0009fff0-0x0009ffff] mapped at [ffff88000009fff0]
[    0.000000] Scanning 1 areas for low memory corruption
[    0.000000] RAMDISK: [mem 0x2b8be000-0x2c738fff]
[    0.000000] ACPI: Early table checksum verification disabled
[    0.000000] ACPI: RSDP 0x00000000000E0000 000024 (v02 VBOX  )
[    0.000000] ACPI: XSDT 0x000000002CFF0030 00003C (v01 VBOX   VBOXXSDT 00000001 ASL  00000061)
[    0.000000] ACPI: FACP 0x000000002CFF00F0 0000F4 (v04 VBOX   VBOXFACP 00000001 ASL  00000061)
[    0.000000] ACPI: DSDT 0x000000002CFF0470 0021FF (v02 VBOX   VBOXBIOS 00000002 INTL 20180105)
[    0.000000] ACPI: FACS 0x000000002CFF0200 000040
[    0.000000] ACPI: FACS 0x000000002CFF0200 000040
[    0.000000] ACPI: APIC 0x000000002CFF0240 000054 (v02 VBOX   VBOXAPIC 00000001 ASL  00000061)
[    0.000000] ACPI  SSDT 0x000000002CFF02A0 0001CC (v01 VBOX   VBOXCPUT 00000002 INTL 20180105)
[    0.000000] No NUMA configuration found
[    0.000000] Faking a node at [mem 0x0000000000000000-0x000000002cfeffff]
[    0.000000] NODE_DATA(0) allocated [mem 0x2cfeb000-0x2cfeffff]
[    0.000000] kvm-clock: Using msrs 4b564d01 and 4b564d00
[    0.000000] kvm-clock: cpu 0, msr 0:2cfe3001, primary cpu clock
[    0.000000] kvm-clock: using sched offset of 7357784526 cycles
[    0.000000] clocksource: kvm-clock: mask: 0xffffffffffffffff max_cycles: 0x1cd42e4dffb, max_idle_ns: 881590591483 ns
[    0.000000] Zone ranges:
[    0.000000]   DMA      [mem 0x0000000000001000-0x0000000000ffffff]
[    0.000000]   DMA32    [mem 0x0000000001000000-0x000000002cfeffff]
[    0.000000]   Normal   empty
[    0.000000]   Device   empty
[    0.000000] Movable zone start for each node
[    0.000000] Early memory node ranges
[    0.000000]   node   0: [mem 0x0000000000001000-0x000000000009efff]
[    0.000000]   node   0: [mem 0x0000000000100000-0x000000002cfeffff]
[    0.000000] Initmem setup node 0 [mem 0x0000000000001000-0x000000002cfeffff]
[    0.000000] ACPI: PM-Timer IO Port: 0x4008
[    0.000000] IOAPIC[0]: apic_id 1, version 32, address 0xfec00000, GSI 0-23
[    0.000000] ACPI: INT_SRC_OVR (bus 0 bus_irq 0 global_irq 2 dfl dfl)
[    0.000000] ACPI: INT_SRC_OVR (bus 0 bus_irq 9 global_irq 9 low level)
[    0.000000] Using ACPI (MADT) for SMP configuration information
[    0.000000] smpboot: Allowing 1 CPUs, 0 hotplug CPUs
[    0.000000] PM: Registered nosave memory: [mem 0x00000000-0x00000fff]
[    0.000000] PM: Registered nosave memory: [mem 0x0009f000-0x0009ffff]
[    0.000000] PM: Registered nosave memory: [mem 0x000a0000-0x000effff]
[    0.000000] PM: Registered nosave memory: [mem 0x000f0000-0x000fffff]
[    0.000000] e820: [mem 0x2d000000-0xfebfffff] available for PCI devices
[    0.000000] Booting paravirtualized kernel on KVM
[    0.000000] clocksource: refined-jiffies: mask: 0xffffffff max_cycles: 0xffffffff, max_idle_ns: 7645519600211568 ns
[    0.000000] setup_percpu: NR_CPUS:512 nr_cpumask_bits:512 nr_cpu_ids:1 nr_node_ids:1
[    0.000000] PERCPU: Embedded 34 pages/cpu @ffff88002cc00000 s99480 r8192 d31592 u2097152
[    0.000000] Built 1 zonelists in Node order, mobility grouping on.  Total pages: 181304
[    0.000000] Policy zone: DMA32
[    0.000000] Kernel command line: BOOT_IMAGE=/boot/vmlinuz-4.4.0-154-generic root=LABEL=cloudimg-rootfs ro console=tty1 console=ttyS0
[    0.000000] PID hash table entries: 4096 (order: 3, 32768 bytes)
[    0.000000] Memory: 690668K/736824K available (8613K kernel code, 1335K rwdata, 4028K rodata, 1484K init, 1284K bss, 46156K reserved, 0K cma-reserved)
[    0.000000] SLUB: HWalign=64, Order=0-3, MinObjects=0, CPUs=1, Nodes=1
[    0.000000] Kernel/User page tables isolation: enabled
[    0.000000] Hierarchical RCU implementation.
[    0.000000] 	Build-time adjustment of leaf fanout to 64.
[    0.000000] 	RCU restricting CPUs from NR_CPUS=512 to nr_cpu_ids=1.
[    0.000000] RCU: Adjusting geometry for rcu_fanout_leaf=64, nr_cpu_ids=1
[    0.000000] NR_IRQS:33024 nr_irqs:256 16
[    0.000000] Console: colour VGA+ 80x25
[    0.000000] console [tty1] enabled
[    0.000000] console [ttyS0] enabled
[    0.000000] tsc: Detected 2992.498 MHz processor
[    0.566369] Calibrating delay loop (skipped) preset value.. 5984.99 BogoMIPS (lpj=11969992)
[    0.620157] pid_max: default: 32768 minimum: 301
[    0.621742] ACPI: Core revision 20150930
[    0.624482] ACPI: 2 ACPI AML tables successfully acquired and loaded
[    0.626759] Security Framework initialized
[    0.650512] Yama: becoming mindful.
[    0.651917] AppArmor: AppArmor initialized
[    0.653548] Dentry cache hash table entries: 131072 (order: 8, 1048576 bytes)
[    0.656103] Inode-cache hash table entries: 65536 (order: 7, 524288 bytes)
[    0.658397] Mount-cache hash table entries: 2048 (order: 2, 16384 bytes)
[    0.721649] Mountpoint-cache hash table entries: 2048 (order: 2, 16384 bytes)
[    0.724240] Initializing cgroup subsys io
[    0.725716] Initializing cgroup subsys memory
[    0.727266] Initializing cgroup subsys devices
[    0.728847] Initializing cgroup subsys freezer
[    0.730410] Initializing cgroup subsys net_cls
[    0.732013] Initializing cgroup subsys perf_event
[    0.733619] Initializing cgroup subsys net_prio
[    0.735230] Initializing cgroup subsys hugetlb
[    0.736772] Initializing cgroup subsys pids
[    0.738392] mce: CPU supports 0 MCE banks
[    0.739884] process: using mwait in idle threads
[    0.741505] Last level iTLB entries: 4KB 128, 2MB 4, 4MB 4
[    0.743290] Last level dTLB entries: 4KB 256, 2MB 0, 4MB 32, 1GB 0
[    0.745274] Spectre V2 : Mitigation: Full generic retpoline
[    0.747100] Spectre V2 : Spectre v2 / SpectreRSB mitigation: Filling RSB on context switch
[    0.749967] Speculative Store Bypass: Vulnerable
[    0.752485] MDS: Vulnerable: Clear CPU buffers attempted, no microcode
[    1.370974] Freeing SMP alternatives memory: 36K
[    1.388573] ftrace: allocating 32299 entries in 127 pages
[    1.558223] smpboot: APIC(0) Converting physical 0 to logical package 0
[    1.561625] smpboot: Max logical packages: 1
[    1.563725] x2apic enabled
[    1.565403] Switched APIC routing to physical x2apic.
[    1.569420] ..TIMER: vector=0x30 apic1=0 pin1=2 apic2=-1 pin2=-1
[    1.572568] APIC calibration not consistent with PM-Timer: 200ms instead of 100ms
[    1.581555] APIC delta adjusted to PM-Timer: 6249919 (12500555)
[    1.583519] smpboot: CPU0: Intel(R) Core(TM)2 Duo CPU     E8400  @ 3.00GHz (family: 0x6, model: 0x17, stepping: 0xa)
[    1.587237] Performance Events: unsupported p6 CPU model 23 no PMU driver, software events only.
[    1.781849] KVM setup paravirtual spinlock
[    1.792506] x86: Booted up 1 node, 1 CPUs
[    1.793970] smpboot: Total of 1 processors activated (5984.99 BogoMIPS)
[    1.796521] devtmpfs: initialized
[    1.800562] evm: security.selinux
[    1.801856] evm: security.SMACK64
[    1.803151] evm: security.SMACK64EXEC
[    1.804535] evm: security.SMACK64TRANSMUTE
[    1.805997] evm: security.SMACK64MMAP
[    1.807386] evm: security.ima
[    1.808591] evm: security.capability
[    1.810112] clocksource: jiffies: mask: 0xffffffff max_cycles: 0xffffffff, max_idle_ns: 7645041785100000 ns
[    1.813379] futex hash table entries: 256 (order: 2, 16384 bytes)
[    1.815447] pinctrl core: initialized pinctrl subsystem
[    1.868066] RTC time: 16:52:48, date: 08/23/19
[    1.869897] NET: Registered protocol family 16
[    1.871727] cpuidle: using governor ladder
[    1.873193] cpuidle: using governor menu
[    1.874654] PCCT header not found.
[    1.876010] ACPI: bus type PCI registered
[    1.877476] acpiphp: ACPI Hot Plug PCI Controller Driver version: 0.5
[    1.879622] PCI: Using configuration type 1 for base access
[    1.902656] ACPI: Added _OSI(Module Device)
[    1.904170] ACPI: Added _OSI(Processor Device)
[    1.905712] ACPI: Added _OSI(3.0 _SCP Extensions)
[    1.907360] ACPI: Added _OSI(Processor Aggregator Device)
[    1.909875] ACPI: Executed 1 blocks of module-level executable AML code
[    1.914460] ACPI: Interpreter enabled
[    1.915850] ACPI: (supports S0 S5)
[    1.972928] ACPI: Using IOAPIC for interrupt routing
[    1.974788] PCI: Using host bridge windows from ACPI; if necessary, use "pci=nocrs" and report a bug
[    1.982344] ACPI: PCI Root Bridge [PCI0] (domain 0000 [bus 00-ff])
[    1.984308] acpi PNP0A03:00: _OSC: OS supports [ASPM ClockPM Segments MSI]
[    1.986450] acpi PNP0A03:00: _OSC: not requesting OS control; OS requires [ExtendedConfig ASPM ClockPM MSI]
[    1.989693] acpi PNP0A03:00: fail to add MMCONFIG information, can't access extended PCI configuration space under this bridge.
[    1.993702] PCI host bridge to bus 0000:00
[    1.995175] pci_bus 0000:00: root bus resource [io  0x0000-0x0cf7 window]
[    1.997269] pci_bus 0000:00: root bus resource [io  0x0d00-0xffff window]
[    1.999368] pci_bus 0000:00: root bus resource [mem 0x000a0000-0x000bffff window]
[    2.012097] pci_bus 0000:00: root bus resource [mem 0x2d000000-0xfdffffff window]
[    2.014821] pci_bus 0000:00: root bus resource [bus 00-ff]
[    2.019030] pci 0000:00:01.1: legacy IDE quirk: reg 0x10: [io  0x01f0-0x01f7]
[    2.021190] pci 0000:00:01.1: legacy IDE quirk: reg 0x14: [io  0x03f6]
[    2.074352] pci 0000:00:01.1: legacy IDE quirk: reg 0x18: [io  0x0170-0x0177]
[    2.076546] pci 0000:00:01.1: legacy IDE quirk: reg 0x1c: [io  0x0376]
[    2.098979] pci 0000:00:07.0: quirk: [io  0x4000-0x403f] claimed by PIIX4 ACPI
[    2.105478] pci 0000:00:07.0: quirk: [io  0x4100-0x410f] claimed by PIIX4 SMB
[    2.114329] ACPI: PCI Interrupt Link [LNKA] (IRQs 5 9 10 *11)
[    2.117184] ACPI: PCI Interrupt Link [LNKB] (IRQs 5 9 *10 11)
[    2.177383] ACPI: PCI Interrupt Link [LNKC] (IRQs 5 *9 10 11)
[    2.201525] ACPI: PCI Interrupt Link [LNKD] (IRQs 5 9 10 *11)
[    2.204155] ACPI: Enabled 2 GPEs in block 00 to 07
[    2.206807] vgaarb: setting as boot device: PCI:0000:00:02.0
[    2.208646] vgaarb: device added: PCI:0000:00:02.0,decodes=io+mem,owns=io+mem,locks=none
[    2.221508] vgaarb: loaded
[    2.222679] vgaarb: bridge control possible 0000:00:02.0
[    2.225054] SCSI subsystem initialized
[    2.282629] ACPI: bus type USB registered
[    2.284171] usbcore: registered new interface driver usbfs
[    2.285972] usbcore: registered new interface driver hub
[    2.290546] usbcore: registered new device driver usb
[    2.292554] PCI: Using ACPI for IRQ routing
[    2.294782] NetLabel: Initializing
[    2.296126] NetLabel:  domain hash size = 128
[    2.297644] NetLabel:  protocols = UNLABELED CIPSOv4
[    2.299391] NetLabel:  unlabeled traffic allowed by default
[    2.301560] amd_nb: Cannot enumerate AMD northbridges
[    2.303404] clocksource: Switched to clocksource kvm-clock
[    2.316961] AppArmor: AppArmor Filesystem Enabled
[    2.386996] pnp: PnP ACPI init
[    2.389948] pnp: PnP ACPI: found 3 devices
[    2.398701] clocksource: acpi_pm: mask: 0xffffff max_cycles: 0xffffff, max_idle_ns: 2085701024 ns
[    2.401878] NET: Registered protocol family 2
[    2.403868] TCP established hash table entries: 8192 (order: 4, 65536 bytes)
[    2.406105] TCP bind hash table entries: 8192 (order: 5, 131072 bytes)
[    2.408179] TCP: Hash tables configured (established 8192 bind 8192)
[    2.410283] UDP hash table entries: 512 (order: 2, 16384 bytes)
[    2.412269] UDP-Lite hash table entries: 512 (order: 2, 16384 bytes)
[    2.414334] NET: Registered protocol family 1
[    2.415912] pci 0000:00:00.0: Limiting direct PCI/PCI transfers
[    2.417873] pci 0000:00:01.0: Activating ISA DMA hang workarounds
[    2.420105] Unpacking initramfs...
[    2.919405] Freeing initrd memory: 14828K
[    2.941257] clocksource: tsc: mask: 0xffffffffffffffff max_cycles: 0x2b2296bc2b9, max_idle_ns: 440795321505 ns
[    2.944643] platform rtc_cmos: registered platform RTC device (no PNP device found)
[    2.947513] Scanning for low memory corruption every 60 seconds
[    2.949893] audit: initializing netlink subsys (disabled)
[    3.007509] audit: type=2000 audit(1566579176.525:1): initialized
[    3.009803] Initialise system trusted keyring
[    3.011494] HugeTLB registered 2 MB page size, pre-allocated 0 pages
[    3.015110] zbud: loaded
[    3.016565] VFS: Disk quotas dquot_6.6.0
[    3.018033] VFS: Dquot-cache hash table entries: 512 (order 0, 4096 bytes)
[    3.020477] squashfs: version 4.0 (2009/01/31) Phillip Lougher
[    3.023450] fuse init (API version 7.23)
[    3.025079] Key type big_key registered
[    3.026498] Allocating IMA MOK and blacklist keyrings.
[    3.028664] Key type asymmetric registered
[    3.030191] Asymmetric key parser 'x509' registered
[    3.031887] Block layer SCSI generic (bsg) driver version 0.4 loaded (major 249)
[    3.034669] io scheduler noop registered
[    3.036104] io scheduler deadline registered (default)
[    3.037859] io scheduler cfq registered
[    3.039408] pci_hotplug: PCI Hot Plug PCI Core version: 0.5
[    3.041304] pciehp: PCI Express Hot Plug Controller Driver version: 0.4
[    3.043553] ACPI: AC Adapter [AC] (on-line)
[    3.112018] input: Power Button as /devices/LNXSYSTM:00/LNXPWRBN:00/input/input0
[    3.114683] ACPI: Power Button [PWRF]
[    3.121015] input: Sleep Button as /devices/LNXSYSTM:00/LNXSLPBN:00/input/input1
[    3.151700] ACPI: Sleep Button [SLPF]
[    3.153295] GHES: HEST is not enabled!
[    3.154865] Serial: 8250/16550 driver, 32 ports, IRQ sharing enabled
[    3.225512] 00:02: ttyS0 at I/O 0x3f8 (irq = 4, base_baud = 115200) is a 16550A
[    3.229559] Linux agpgart interface v0.103
[    3.232490] loop: module loaded
[    3.234583] scsi host0: ata_piix
[    3.235969] scsi host1: ata_piix
[    3.237325] ata1: PATA max UDMA/33 cmd 0x1f0 ctl 0x3f6 bmdma 0xd000 irq 14
[    3.239440] ata2: PATA max UDMA/33 cmd 0x170 ctl 0x376 bmdma 0xd008 irq 15
[    3.242280] libphy: Fixed MDIO Bus: probed
[    3.243763] tun: Universal TUN/TAP device driver, 1.6
[    3.245477] tun: (C) 1999-2004 Max Krasnyansky <maxk@qualcomm.com>
[    3.247466] PPP generic driver version 2.4.2
[    3.249112] ehci_hcd: USB 2.0 'Enhanced' Host Controller (EHCI) Driver
[    3.251161] ehci-pci: EHCI PCI platform driver
[    3.252764] ehci-platform: EHCI generic platform driver
[    3.254507] ohci_hcd: USB 1.1 'Open' Host Controller (OHCI) Driver
[    3.256519] ohci-pci: OHCI PCI platform driver
[    3.258079] ohci-platform: OHCI generic platform driver
[    3.261293] uhci_hcd: USB Universal Host Controller Interface driver
[    3.263368] i8042: PNP: PS/2 Controller [PNP0303:PS2K,PNP0f03:PS2M] at 0x60,0x64 irq 1,12
[    3.322730] serio: i8042 KBD port at 0x60,0x64 irq 1
[    3.324424] serio: i8042 AUX port at 0x60,0x64 irq 12
[    3.326234] mousedev: PS/2 mouse device common for all mice
[    3.328493] input: AT Translated Set 2 keyboard as /devices/platform/i8042/serio0/input/input2
[    3.331839] rtc_cmos rtc_cmos: rtc core: registered rtc_cmos as rtc0
[    3.333905] rtc_cmos rtc_cmos: alarms up to one day, 114 bytes nvram
[    3.335891] i2c /dev entries driver
[    3.337468] device-mapper: uevent: version 1.0.3
[    3.339126] device-mapper: ioctl: 4.34.0-ioctl (2015-10-28) initialised: dm-devel@redhat.com
[    3.342103] ledtrig-cpu: registered to indicate activity on CPUs
[    3.344376] NET: Registered protocol family 10
[    3.346321] NET: Registered protocol family 17
[    3.347898] Key type dns_resolver registered
[    3.349706] registered taskstats version 1
[    3.351213] Loading compiled-in X.509 certificates
[    3.353852] Loaded X.509 cert 'Build time autogenerated kernel key: 65139e04a67245b562a838c28b5e7032abdd4348'
[    3.357150] zswap: loaded using pool lzo/zbud
[    3.370843] Key type trusted registered
[    3.446799] Key type encrypted registered
[    3.448450] AppArmor: AppArmor sha1 policy hashing enabled
[    3.450292] ima: No TPM chip found, activating TPM-bypass!
[    3.452127] ima: Allocated hash algorithm: sha1
[    3.453742] evm: HMAC attrs: 0x1
[    3.455517]   Magic number: 15:776:894
[    3.457007] rtc_cmos rtc_cmos: setting system clock to 2019-08-23 16:52:49 UTC (1566579169)
[    3.460018] BIOS EDD facility v0.16 2004-Jun-25, 0 devices found
[    3.461916] EDD information not available.
[    3.468398] Freeing unused kernel memory: 1484K
[    3.479446] Write protecting the kernel read-only data: 14336k
[    3.539268] Freeing unused kernel memory: 1616K
[    3.551148] Freeing unused kernel memory: 68K
Loading, please wait...
starting version[    3.789535] random: systemd-udevd: uninitialized urandom read (16 bytes read, 3 bits of entropy available)
 229
[    3.853955] random: udevadm: uninitialized urandom read (16 bytes read, 3 bits of entropy available)
[    3.857184] random: udevadm: uninitialized urandom read (16 bytes read, 3 bits of entropy available)
[    3.942109] random: systemd-udevd: uninitialized urandom read (16 bytes read, 3 bits of entropy available)
[    3.945445] random: systemd-udevd: uninitialized urandom read (16 bytes read, 3 bits of entropy available)
[    3.948726] random: systemd-udevd: uninitialized urandom read (16 bytes read, 3 bits of entropy available)
[    3.977354] random: systemd-udevd: uninitialized urandom read (16 bytes read, 3 bits of entropy available)
[    3.989723] random: systemd-udevd: uninitialized urandom read (16 bytes read, 3 bits of entropy available)
[    4.060843] random: udevadm: uninitialized urandom read (16 bytes read, 3 bits of entropy available)
[    4.064222] random: udevadm: uninitialized urandom read (16 bytes read, 3 bits of entropy available)
[    4.885621] Fusion MPT base driver 3.04.20
[    4.911071] Copyright (c) 1999-2008 LSI Corporation
[    4.912911] e1000: Intel(R) PRO/1000 Network Driver - version 7.3.21-k8-NAPI
[    4.915101] e1000: Copyright (c) 1999-2006 Intel Corporation.
[    5.003577] Fusion MPT SPI Host driver 3.04.20
[    5.201927] input: ImExPS/2 Generic Explorer Mouse as /devices/platform/i8042/serio1/input/input4
[    6.208233] e1000 0000:00:03.0 eth0: (PCI:33MHz:32-bit) 02:1e:e5:6d:71:21
[    6.211753] e1000 0000:00:03.0 eth0: Intel(R) PRO/1000 Network Connection
[    6.244131] e1000 0000:00:03.0 enp0s3: renamed from eth0
[    6.249176] mptbase: ioc0: Initiating bringup
[    6.311967] ioc0: LSI53C1030 A0: Capabilities={Initiator}
[    6.472870] scsi host2: ioc0: LSI53C1030 A0, FwRev=00000000h, Ports=1, MaxQ=256, IRQ=20
[    6.584352] scsi 2:0:0:0: Direct-Access     VBOX     HARDDISK         1.0  PQ: 0 ANSI: 5
[    6.591943] scsi target2:0:0: Beginning Domain Validation
[    6.594652] scsi target2:0:0: Domain Validation skipping write tests
[    6.596643] scsi target2:0:0: Ending Domain Validation
[    6.598395] scsi target2:0:0: asynchronous
[    6.600211] scsi 2:0:1:0: Direct-Access     VBOX     HARDDISK         1.0  PQ: 0 ANSI: 5
[    6.603045] scsi target2:0:1: Beginning Domain Validation
[    6.605871] scsi target2:0:1: Domain Validation skipping write tests
[    6.607854] scsi target2:0:1: Ending Domain Validation
[    6.609641] scsi target2:0:1: asynchronous
[    6.615785] sd 2:0:0:0: Attached scsi generic sg0 type 0
[    6.617579] sd 2:0:0:0: [sda] 20971520 512-byte logical blocks: (10.7 GB/10.0 GiB)
[    6.620801] sd 2:0:1:0: [sdb] 20480 512-byte logical blocks: (10.5 MB/10.0 MiB)
[    6.624633] sd 2:0:1:0: Attached scsi generic sg1 type 0
[    6.627145] sd 2:0:1:0: [sdb] Write Protect is off
[    6.628855] sd 2:0:0:0: [sda] Write Protect is off
[    6.630957] sd 2:0:0:0: [sda] Incomplete mode parameter data
[    6.674587] sd 2:0:0:0: [sda] Assuming drive cache: write through
[    6.676571] sd 2:0:1:0: [sdb] Incomplete mode parameter data
[    6.678380] sd 2:0:1:0: [sdb] Assuming drive cache: write through
[    6.711087]  sda: sda1
[    6.732447] sd 2:0:1:0: [sdb] Attached SCSI disk
[    6.759956] sd 2:0:0:0: [sda] Attached SCSI disk
Begin: Loading essential drivers ... [   10.025380] md: linear personality registered for level -1
[   10.041652] md: multipath personality registered for level -4
[   10.057662] md: raid0 personality registered for level 0
[   10.154752] md: raid1 personality registered for level 1
[   10.338585] raid6: sse2x1   gen()  2741 MB/s
[   10.440233] raid6: sse2x1   xor()  3087 MB/s
[   10.545224] raid6: sse2x2   gen()  4919 MB/s
[   10.650295] raid6: sse2x2   xor()  4748 MB/s
[   10.755224] raid6: sse2x4   gen()  6784 MB/s
[   10.860192] raid6: sse2x4   xor()  5252 MB/s
[   10.861754] raid6: using algorithm sse2x4 gen() 6784 MB/s
[   10.863535] raid6: .... xor() 5252 MB/s, rmw enabled
[   10.865225] raid6: using ssse3x2 recovery algorithm
[   10.879853] xor: measuring software checksum speed
[   11.070276]    prefetch64-sse: 29615.000 MB/sec
[   11.209629]    generic_sse: 26700.000 MB/sec
[   11.211168] xor: using function: prefetch64-sse (29615.000 MB/sec)
[   11.224494] async_tx: api initialized (async)
[   11.389869] md: raid6 personality registered for level 6
[   11.391665] md: raid5 personality registered for level 5
[   11.393415] md: raid4 personality registered for level 4
[   11.517439] md: raid10 personality registered for level 10
done.
Begin: Running /scripts/init-premount ... done.
Begin: Mounting root file system ... Begin: Running /scripts/local-top ... done.
Begin: Running /scripts/local-premount ... [   11.937750] Btrfs loaded
Scanning for Btrfs filesystems
done.
Warning: fsck not present, so skipping root file system
[   12.340082] EXT4-fs (sda1): mounted filesystem with ordered data mode. Opts: (null)
done.
Begin: Running /scripts/local-bottom ... done.
Begin: Running /scripts/init-bottom ... done.
[   13.107445] random: nonblocking pool is initialized
[   13.305819] systemd[1]: systemd 229 running in system mode. (+PAM +AUDIT +SELINUX +IMA +APPARMOR +SMACK +SYSVINIT +UTMP +LIBCRYPTSETUP +GCRYPT +GNUTLS +ACL +XZ -LZ4 +SECCOMP +BLKID +ELFUTILS +KMOD -IDN)
[   13.325545] systemd[1]: Detected virtualization oracle.
[   13.327399] systemd[1]: Detected architecture x86-64.

Welcome to [1mUbuntu 16.04.6 LTS[0m!

[   13.348656] systemd[1]: Set hostname to <ubuntu>.
[   13.368407] systemd[1]: Initializing machine ID from random generator.
[   13.370555] systemd[1]: Installed transient /etc/machine-id file.
[   14.526572] systemd[1]: Started Forward Password Requests to Wall Directory Watch.
[[0;32m  OK  [0m] Started Forward Password Requests to Wall Directory Watch.
[   14.575828] systemd[1]: Listening on udev Kernel Socket.
[[0;32m  OK  [0m] Listening on udev Kernel Socket.
[   14.584010] systemd[1]: Listening on /dev/initctl Compatibility Named Pipe.
[[0;32m  OK  [0m] Listening on /dev/initctl Compatibility Named Pipe.
[   14.588701] systemd[1]: Listening on LVM2 metadata daemon socket.
[[0;32m  OK  [0m] Listening on LVM2 metadata daemon socket.
[   14.592830] systemd[1]: Reached target Encrypted Volumes.
[[0;32m  OK  [0m] Reached target Encrypted Volumes.
[   14.596707] systemd[1]: Reached target Swap.
[[0;32m  OK  [0m] Reached target Swap.
[   14.600220] systemd[1]: Listening on LVM2 poll daemon socket.
[[0;32m  OK  [0m] Listening on LVM2 poll daemon socket.
[   14.605577] systemd[1]: Created slice User and Session Slice.
[[0;32m  OK  [0m] Created slice User and Session Slice.
[   14.609745] systemd[1]: Listening on udev Control Socket.
[[0;32m  OK  [0m] Listening on udev Control Socket.
[   14.614547] systemd[1]: Created slice System Slice.
[[0;32m  OK  [0m] Created slice System Slice.
[   14.618300] systemd[1]: Reached target Slices.
[[0;32m  OK  [0m] Reached target Slices.
[   14.622013] systemd[1]: Listening on Device-mapper event daemon FIFOs.
[[0;32m  OK  [0m] Listening on Device-mapper event daemon FIFOs.
[   14.677738] systemd[1]: Set up automount Arbitrary Executable File Formats File System Automount Point.
[[0;32m  OK  [0m] Set up automount Arbitrary Executab...ats File System Automount Point.
[   14.683545] systemd[1]: Reached target System Time Synchronized.
[[0;32m  OK  [0m] Reached target System Time Synchronized.
[   14.687988] systemd[1]: Listening on Journal Socket.
[[0;32m  OK  [0m] Listening on Journal Socket.
[   14.695947] systemd[1]: Starting Set console keymap...
         Starting Set console keymap...
[   14.725472] systemd[1]: Starting Monitoring of LVM2 mirrors, snapshots etc. using dmeventd or progress polling...
         Starting Monitoring of LVM2 mirrors... dmeventd or progress polling...
[   14.834442] systemd[1]: Starting Uncomplicated firewall...
         Starting Uncomplicated firewall...
[   15.027189] systemd[1]: Starting Load Kernel Modules...
         Starting Load Kernel Modules...
[   15.125828] systemd[1]: Mounting Debug File System...
         Mounting Debug File System...
[   15.315146] systemd[1]: Starting Remount Root and Kernel File Systems...
[   15.350559] Loading iSCSI transport class v2.0-870.
         Starting Remount Root and Kernel File Systems...
[   15.425075] systemd[1]: Mounting Huge Pages File System...
         Mounting Huge Pages File System...
[   15.516381] systemd[1]: Starting Create list of required static device nodes for the current kernel...
         Starting Create list of required st... nodes for the current kernel...
[   15.551633] systemd[1]: Listening on Journal Socket (/dev/log).
[[0;32m  OK  [0m] Listening on Journal Socket (/dev/log).
[   15.620618] systemd[1]: Reached target User and Group Name Lookups.
[[0;32m  OK  [0m] Reached target User and Group Name Lookups.
[   15.626627] systemd[1]: Listening on Syslog Socket.
[[0;32m  OK  [0m] Listening on Syslog Socket.
[   15.634916] systemd[1]: Starting Nameserver information manager...
         Starting Nameserver information manager...
[   15.648345] systemd[1]: Mounting POSIX Message Queue File System...
         Mounting POSIX Message Queue File System...
[   15.751372] systemd[1]: Listening on Journal Audit Socket.
[[0;32m  OK  [0m] Listening on Journal Audit Socket.
[   15.774996] systemd[1]: Starting Journal Service...
[   15.864282] EXT4-fs (sda1): re-mounted. Opts: (null)
         Starting Journal Service...
[   15.951079] systemd[1]: Started Trigger resolvconf update for networkd DNS.
[[0;32m  OK  [0m] Started Trigger resolvconf update for networkd DNS.
[   15.978469] systemd[1]: Created slice system-serial\x2dgetty.slice.
[[0;32m  OK  [0m] Created slice system-serial\x2dgetty.slice.
[   16.150987] iscsi: registered transport (tcp)
[   16.162165] systemd[1]: Mounted POSIX Message Queue File System.
[[0;32m  OK  [0m] Mounted POSIX Message Queue File System.
[   16.185115] systemd[1]: Mounted Huge Pages File System.
[[0;32m  OK  [0m] Mounted Huge Pages File System.
[   16.189015] systemd[1]: Mounted Debug File System.
[[0;32m  OK  [0m] Mounted Debug File System.
[   16.356673] systemd[1]: Started Uncomplicated firewall.
[[0;32m  OK  [0m] Started Uncomplicated firewall.
[   16.364441] systemd[1]: Started Remount Root and Kernel File Systems.
[[0;32m  OK  [0m] Started Remount Root and Kernel File Systems.
[   16.458637] systemd[1]: Started Set console keymap.
[[0;32m  OK  [0m] Started Set console keymap.
[   16.464951] systemd[1]: Started Create list of required static device nodes for the current kernel.
[[0;32m  OK  [0m] Started Create list of required sta...ce nodes for the current kernel.
[   16.687810] systemd[1]: Started Journal Service.
[[0;32m  OK  [0m] Started Journal Service.
[[0;32m  OK  [0m] Started Nameserver information manager.
[   16.870425] iscsi: registered transport (iser)
[[0;32m  OK  [0m] Started Load Kernel Modules.
         Starting Apply Kernel Variables...
         Mounting FUSE Control File System...
[[0;32m  OK  [0m] Started LVM2 metadata daemon.
         Starting Create Static Device Nodes in /dev...
         Starting Flush Journal to Persistent Storage...
         Starting Load/Save Random Seed...
         Starting udev Coldplug all Devices...
[[0;32m  OK  [0m] Mounted FUSE Control File System.
[[0;32m  OK  [0m] Started Apply Kernel Variables.
[[0;32m  OK  [0m] Started Load/Save Random Seed.
[[0;32m  OK  [0m] Started Flush Journal to Persistent Storage.
[[0;32m  OK  [0m] Started Create Static Device Nodes in /dev.
[[0;32m  OK  [0m] Started Monitoring of LVM2 mirrors,...ng dmeventd or progress polling.
[[0;32m  OK  [0m] Reached target Local File Systems (Pre).
[[0;32m  OK  [0m] Reached target Local File Systems.
         Starting Initial cloud-init job (pre-networking)...
         Starting Create Volatile Files and Directories...
         Starting Commit a transient machine-id on disk...
         Starting Set console font and keymap...
         Starting LSB: AppArmor initialization...
         Starting Tell Plymouth To Write Out Runtime Data...
         Starting udev Kernel Device Manager...
[[0;32m  OK  [0m] Started Commit a transient machine-id on disk.
[[0;32m  OK  [0m] Started Create Volatile Files and Directories.
         Starting Update UTMP about System Boot/Shutdown...
[[0;32m  OK  [0m] Started Tell Plymouth To Write Out Runtime Data.
[[0;32m  OK  [0m] Started Update UTMP about System Boot/Shutdown.
[[0;32m  OK  [0m] Started udev Coldplug all Devices.
[[0;32m  OK  [0m] Started udev Kernel Device Manager.
[[0;32m  OK  [0m] Started Dispatch Password Requests to Console Directory Watch.
[[0;32m  OK  [0m] Found device /dev/ttyS0.
[[0;32m  OK  [0m] Listening on Load/Save RF Kill Switch Status /dev/rfkill Watch.
[[0;32m  OK  [0m] Started LSB: AppArmor initialization.
[   32.064177] cloud-init[458]: Cloud-init v. 19.1-1-gbaa47854-0ubuntu1~16.04.1 running 'init-local' at Fri, 23 Aug 2019 16:53:15 +0000. Up 27.69 seconds.
[[0;32m  OK  [0m] Started Initial cloud-init job (pre-networking).
[[0;32m  OK  [0m] Reached target Network (Pre).
         Starting Raise network interfaces...
[[0;32m  OK  [0m] Started Set console font and keymap.
[[0;32m  OK  [0m] Created slice system-getty.slice.
[[0;32m  OK  [0m] Started Raise network interfaces.
[[0;32m  OK  [0m] Reached target Network.
         Starting Initial cloud-init job (metadata service crawler)...
[   43.790053] cloud-init[956]: Cloud-init v. 19.1-1-gbaa47854-0ubuntu1~16.04.1 running 'init' at Fri, 23 Aug 2019 16:53:27 +0000. Up 39.84 seconds.
[   43.896323] cloud-init[956]: ci-info: ++++++++++++++++++++++++++++++++++++++Net device info++++++++++++++++++++++++++++++++++++++
[   43.911951] cloud-init[956]: ci-info: +--------+------+----------------------------+---------------+--------+-------------------+
[   43.992423] cloud-init[956]: ci-info: | Device |  Up  |          Address           |      Mask     | Scope  |     Hw-Address    |
[   44.082838] cloud-init[956]: ci-info: +--------+------+----------------------------+---------------+--------+-------------------+
[   44.090979] cloud-init[956]: ci-info: | enp0s3 | True |         10.0.2.15          | 255.255.255.0 | global | 02:1e:e5:6d:71:21 |
[[0;32m  OK  [0m] Started Initial cloud-init job (metadata service crawler).
[   44.136684] cloud-init[956]: ci-info: | enp0s3 | True | fe80::1e:e5ff:fe6d:7121/64 |       .       |  link  | 02:1e:e5:6d:71:21 |
[[0;32m  OK  [0m[   44.188463] cloud-init[956]: ci-info: |   lo   | True |         127.0.0.1          |   255.0.0.0   |  host  |         .         |
[   44.191078] cloud-init[956]: ci-info: |   lo   | True |          ::1/128           |       .       |  host  |         .         |] Reached target Cloud-config availability.
[[0;32m  OK  [0m] Reached target Network is Online.
         Starting iSCSI initiator daemon (iscsid)...
[[0;32m  OK  [0m] Reached target System Initialization.

         Starting LXD - unix socket.
[[   44.292541] cloud-init[956]: ci-info: +--------+------+----------------------------+---------------+--------+-------------------+
[   44.298728] cloud-init[956]: ci-info: +++++++++++++++++++++++++++Route IPv4 info++++++++++++++++++++++++++++[0;32m  OK  [0m] Listening on UUID daemon activation socket.
[[0;32m  OK  [0m] Listening on D-Bus System Message Bus Socket.
         Starting Socket activation for snappy daemon.

[   44.311693] cloud-init[956]: ci-info: +-------+-------------+----------+---------------+-----------+-------+
[[0;32m  OK  [0m] Started Daily Cleanup of Temporary Directories.
[[0;32m  OK  [0m] Listening on ACPID Listen Socket.[   44.324745] cloud-init[956]: ci-info: | Route | Destination | Gateway  |    Genmask    | Interface | Flags |
[   44.327163] cloud-init[956]: ci-info: +-------+-------------+----------+---------------+-----------+-------+

[[0;32m  OK  [0m] Started ACPI Events Check.
[[0;32m  OK  [0m] Reached target Paths.
[[0;32m  OK  [0m] Started Daily apt download activities.
[   44.329562] cloud-init[956]: ci-info: |   0   |   0.0.0.0   | 10.0.2.2 |    0.0.0.0    |   enp0s3  |   UG  |[[0;32m  OK  [0m] Started Daily apt upgrade and clean activities.
[[0;32m  OK  [0m] Reached target Timers.

[   44.410889] cloud-init[956]: ci-info: |   1   |   10.0.2.0  | 0.0.0.0  | 255.255.255.0 |   enp0s3  |   U   |
[[0;32m  OK  [0m] Listening on LXD - unix socket.[   44.416629] cloud-init[956]: ci-info: +-------+-------------+----------+---------------+-----------+-------+
[   44.418057] cloud-init[956]: ci-info: +++++++++++++++++++Route IPv6 info+++++++++++++++++++

[   44.422836] cloud-init[956]: ci-info: +-------+-------------+---------+-----------+-------+
[   44.530539] cloud-init[956]: ci-info: | Route | Destination | Gateway | Interface | Flags |
[[0;32m  OK  [0m] Listening on Socket activation for snappy daemon.
[   44.633176] cloud-init[956]: ci-info: +-------+-------------+---------+-----------+-------+
[   44.638708] cloud-init[956]: ci-info: |   0   |  fe80::/64  |    ::   |   enp0s3  |   U   |[[0;32m  OK  [0m] Started iSCSI initiator daemon (iscsid).

[   44.699761] cloud-init[956]: ci-info: |   4   |   ff00::/8  |    ::   |   enp0s3  |   U   |
         [   44.756558] cloud-init[956]: ci-info: +-------+-------------+---------+-----------+-------+
[   44.759643] Starting Login to default iSCSI targets...
[[0;32m  OK  [0m] Reached target Sockets.
[[0;32m  OK  [0m] Reached target Basic System.
         Starting Accounts Service...
cloud-init[956]: Generating public/private rsa key pair.
         Starting Virtualbox guest utils...
[   44.907348] cloud-init[956]: Your identification has been saved in /etc/ssh/ssh_host_rsa_key.
[   44.938759] [[0;32m  OK  [0m] Started D-Bus System Message Bus.
cloud-init[956]: Your public key has been saved in /etc/ssh/ssh_host_rsa_key.pub.
[   45.023522] cloud-init[956]: The key fingerprint is:
[   45.055240] cloud-init[956]: SHA256:Ry3llzufpnJuKg7E3n8vIg6DNCCnK8OO5Q20E3301WY root@ubuntu-xenial
[   45.111155] cloud-init[956]: The key's randomart image is:
[   45.116207] cloud-init[956]: +---[RSA 2048]----+
[   45.121498] cloud-init[956]: |            .    |
[   45.129958] cloud-init[956]: |           =   . |
[   45.132017] cloud-init[956]: | . o  .   + E o  |
[   45.134068] cloud-init[956]: |  +..... o + . . |
[   45.136119] cloud-init[956]: | .o .o.oS .   o  |
[   45.138542] cloud-init[956]: |...o..= ..     o.|
[   45.140612] cloud-init[956]: |oo=  . = .     o.|
[   45.142643] cloud-init[956]: |++ +    +o.o =o  |
[   45.151464] cloud-init[956]: |... .   ooooOoo. |
[   45.153578] cloud-init[956]: +----[SHA256]-----+
[   45.155862] cloud-init[956]: Generating public/private dsa key pair.
[   45.164541] cloud-init[956]: Your identification has been saved in /etc/ssh/ssh_host_dsa_key.
[   45.167302] cloud-init[956]: Your public key has been saved in /etc/ssh/ssh_host_dsa_key.pub.
[   45.170090] cloud-init[956]: The key fingerprint is:
[   45.230556] cloud-init[956]: SHA256:60jwRlbJkYx2VgBVj17kTLx2qJRzRUy4o9QMBHL+R4I root@ubuntu-xenial
[   45.233448] cloud-init[956]: The key's randomart image is:
[   45.235722] cloud-init[956]: +---[DSA 1024]----+
[   45.238798] cloud-init[956]: |      o=*B+.o=o  |
[   45.241044] cloud-init[956]: |      o==+.Bo o  |
[   45.248636] cloud-init[956]: |     . oE o=*=   |
[   45.250777] cloud-init[956]: |       . o=+X .  |
[   45.252983] cloud-init[956]: |    . o Soo*.o   |
[   45.255455] cloud-init[956]: |     =   .o.     |
[   45.268736] cloud-init[956]: |      + .        |
[[0;32m  OK  [0m] Started FUSE filesystem for LXC.
[   45.332625] cloud-init[956]: |     o o         |
[   45.345125] cloud-init[956]: |      . .        |
[   45.350992] cloud-init[956]: +----[SHA256]-----+
[   45.358383] cloud-init[956]: Generating public/private ecdsa key pair.
[   45.358650] cloud-init[956]: Your identification has been saved in /etc/ssh/ssh_host_ecdsa_key.
[   45.358896] cloud-init[956]: Your public key has been saved in /etc/ssh/ssh_host_ecdsa_key.pub.
[   45.359119] cloud-init[956]: The key fingerprint is:
[   45.359359] cloud-init[956]: SHA256:VR2LijL+U0hrN2OsJrIto3/RbuA1E3Yxnz+sq/T0EQA root@ubuntu-xenial
[   45.359586] cloud-init[956]: The key's randomart image is:
[   45.359817] cloud-init[956]: +---[ECDSA 256]---+
[   45.360053] cloud-init[956]: |          E .... |
         Starting /etc/rc.local Compatibility...
[   45.369212] cloud-init[956]: |          oo ... |
[   45.541552] cloud-init[956]: |          .+o..  |
[   45.547023] cloud-init         Starting Pollinate to seed the pseudo random number generator...
[956]: |        +o..o.   |
         Starting LSB: MD monitoring daemon...
         Starting Login Service...
         Starting System Logging Service...
[   45.562094] cloud-init[956]: |      o+S*.  o.  |
[   45.831171] cloud-init[956]: |     .ooO B   +. |
[   45.841417] cloud-init[956]: |     ..* B.o.... |
[   45.843578] cloud-init[956]: |    +.+.*. o.. . |
[   46.052735] [[0;32m  OK  [0m] Started Regular background program processing daemon.
cloud-init[956]: |  .oo*.+....o..  |
         Starting Snappy daemon...
[   46.150894] cloud-init[956]: +----[SHA256]-----+[[0;32m  OK  [0m
] Started Deferred execution scheduler.
[   46.180059] cloud-init[956]: Generating public/private ed25519 key pair.
         [   46.380811] cloud-init[956]: Your identification has been saved in /etc/ssh/ssh_host_ed25519_key.
[   46.381376] cloud-init[956]: Your public key has been saved in /etc/ssh/ssh_host_ed25519_key.pub.
[   46.381946] cloud-init[956]: The key fingerprint is:
[   46.382603] cloud-init[956]: SHA256:x4tKh7H/HE5WRzY09J32wQveZyDGnwa/KQbsA6vi1JE root@ubuntu-xenial
[   46.382850] cloud-init[956]: The key's randomart image is:
Starting LSB: Record successful boot for GRUB...
[   46.384954] cloud-init[956]: +--[ED25519 256]--+
[[0;32m  OK  [0m] Started ACPI event daemon.
         Starting LXD - container startup/shutdown...
[   46.406417] cloud-init[956]: |             .+  |
[   46.575500] cloud-init[956]: |           . ..oo|
[   46.662140] cloud-init[956]: |            =.==o|
[   46.678199] cloud-init[956]: |       . o ..B+++|
[   46.698248] cloud-init[956]: |      E S = ..*o+|
[[0;32m  OK  [0m] Started System Logging Service.[   46.884793] cloud-init[956]: |     . = * + o +.|
[   46.886383] cloud-init[956]: |    . = + B o o  |
[   46.887918] 
[[0;32m  OK  [0m] Started /etc/rc.local Compatibility.
cloud-init[956]: |   ... = = + .   |
[   46.969687] cloud-init[956]: |   ...o ..+      |
[   46.981239] cloud-init[956]: +----[SHA256]-----+
         Starting Authenticate and Authorize Users to Run Privileged Tasks...
[[0;32m  OK  [0m] Started Login Service.
[[0;32m  OK  [0m] Started Unattended Upgrades Shutdown.
[[0;32m  OK  [0m] Started Login to default iSCSI targets.
[[0;32m  OK  [0m] Reached target Remote File Systems (Pre).
[[0;32m  OK  [0m] Reached target Remote File Systems.
         Starting LSB: Set the CPU Frequency Scaling governor to "ondemand"...
         Starting LSB: daemon to balance interrupts for SMP systems...
         Starting LSB: automatic crash report generation...
         Starting Permit User Sessions...
[[0;32m  OK  [0m] Started LSB: MD monitoring daemon.
[[0;32m  OK  [0m] Started Permit User Sessions.
         Starting Hold until boot process finishes up...
         Starting Terminate Plymouth Boot Screen...
[[0;32m  OK  [0m] Started Hold until boot process finishes up.
[[0;32m  OK  [0m] Started Terminate Plymouth Boot Screen.
[[0;32m  OK  [0m] Started Serial Getty on ttyS0.
[[0;32m  OK  [0m] Started Getty on tty1.
[[0;32m  OK  [0m] Reached target Login Prompts.
         Starting Set console scheme...
[[0;32m  OK  [0m] Started LSB: Record successful boot for GRUB.
[[0;32m  OK  [0m] Started Set console scheme.
[[0;32m  OK  [0m] Started Authenticate and Authorize Users to Run Privileged Tasks.
[[0;32m  OK  [0m] Started Accounts Service.
[[0;32m  OK  [0m] Started LXD - container startup/shutdown.
[[0;32m  OK  [0m] Started LSB: daemon to balance interrupts for SMP systems.
[[0;32m  OK  [0m] Started LSB: Set the CPU Frequency Scaling governor to "ondemand".
[[0;32m  OK  [0m] Started LSB: automatic crash report generation.
[[0;32m  OK  [0m] Started Snappy daemon.
         Starting Wait until snapd is fully seeded...
[[0;32m  OK  [0m] Started Virtualbox guest utils.
[[0;32m  OK  [0m] Started Pollinate to seed the pseudo random number generator.
         Starting OpenBSD Secure Shell server...
[[0;32m  OK  [0m] Started OpenBSD Secure Shell server.

Ubuntu 16.04.6 LTS ubuntu-xenial ttyS0

ubuntu-xenial login: [   58.268372] cloud-init[1333]: Generating locales (this might take a while)...
[   62.175814] cloud-init[1333]:   en_US.UTF-8... done
[   62.178651] cloud-init[1333]: Generation complete.
[   64.036859] cloud-init[1333]: Cloud-init v. 19.1-1-gbaa47854-0ubuntu1~16.04.1 running 'modules:config' at Fri, 23 Aug 2019 16:53:45 +0000. Up 57.63 seconds.
ci-info: no authorized ssh keys fingerprints found for user ubuntu.
<14>Aug 23 16:53:54 ec2: 
<14>Aug 23 16:53:54 ec2: #############################################################
<14>Aug 23 16:53:54 ec2: -----BEGIN SSH HOST KEY FINGERPRINTS-----
<14>Aug 23 16:53:54 ec2: 1024 SHA256:60jwRlbJkYx2VgBVj17kTLx2qJRzRUy4o9QMBHL+R4I root@ubuntu-xenial (DSA)
<14>Aug 23 16:53:54 ec2: 256 SHA256:VR2LijL+U0hrN2OsJrIto3/RbuA1E3Yxnz+sq/T0EQA root@ubuntu-xenial (ECDSA)
<14>Aug 23 16:53:54 ec2: 256 SHA256:x4tKh7H/HE5WRzY09J32wQveZyDGnwa/KQbsA6vi1JE root@ubuntu-xenial (ED25519)
<14>Aug 23 16:53:54 ec2: 2048 SHA256:Ry3llzufpnJuKg7E3n8vIg6DNCCnK8OO5Q20E3301WY root@ubuntu-xenial (RSA)
<14>Aug 23 16:53:54 ec2: -----END SSH HOST KEY FINGERPRINTS-----
<14>Aug 23 16:53:54 ec2: #############################################################
-----BEGIN SSH HOST KEY KEYS-----
ecdsa-sha2-nistp256 AAAAE2VjZHNhLXNoYTItbmlzdHAyNTYAAAAIbmlzdHAyNTYAAABBBC9g8D39evsf7isJpsVPfo4w2KDsfvqe8+xNU53IcTxxQuXWgnA3s+1QUc/h5iGYauxT6fkmowMEGggOsqBTPN8= root@ubuntu-xenial
ssh-ed25519 AAAAC3NzaC1lZDI1NTE5AAAAIDyfUUPxoWzFaZcuEF89AVvf54dnemVtyLbYCWkaaAoJ root@ubuntu-xenial
ssh-rsa AAAAB3NzaC1yc2EAAAADAQABAAABAQDGEcPPEq/usMuLQCCyEnfPvsuDYK9X99AaS4JJk1JZGJalYddEK5GU0qU+QZ+8de8H0R3d+PwUZfhfwFv8+6zjQ6mLzzMCAVAwJZnR8cOU08hWDR5FhViri2P3eQw1So6lX0YDnvDpwx0E7GcOP0PqmWq0hKKYc5FidaLZHHdnXKY/WVNMuN5BVE3KZjrbeAghjj2X89hEcXm2t8w4JnITEB0jjEX6SU8tOqITmwHvpS574bsU4jsx1s7i4wyHsq9qEZpC1KtiV3WFkTRy1vHS1P6IFbNCEhVpvkoOG1GNeN8tSrgnUJRd7prj8P1Mtz7d6st6yGL/2G3OCeiifa9N root@ubuntu-xenial
-----END SSH HOST KEY KEYS-----
[   66.623878] cloud-init[1375]: Cloud-init v. 19.1-1-gbaa47854-0ubuntu1~16.04.1 running 'modules:final' at Fri, 23 Aug 2019 16:53:53 +0000. Up 65.61 seconds.
[   66.624612] cloud-init[1375]: ci-info: no authorized ssh keys fingerprints found for user ubuntu.
[   66.625209] cloud-init[1375]: Cloud-init v. 19.1-1-gbaa47854-0ubuntu1~16.04.1 finished at Fri, 23 Aug 2019 16:53:54 +0000. Datasource DataSourceNoCloud [seed=/dev/sdb][dsmode=net].  Up 66.54 seconds
